799277206 799476205
163513658 163499115
558624187 555602398
143156830 143083941
783152070 785147363
523509090 523120763
140954645 140720118
870891866 870242835
190892065 191176194
330213426 330070895
473989971 474172094
477099534 477670165
384181995 383834374
832548327 832848170
174133355 174418062
248831583 248517530
397544847 399883198
358990465 358814274
891980089 891115770
832848170 832548327
785147363 783152070
235922610 234524537
938621255 938384958
309128118 309157835
236444874 236414815
687249134 687242255
397544847 399883198
114388729 114371070
228058523 227183190
844112715 839295457
272629986 273538265
832548327 832848170
417205135 417716754
938384958 938621255
230849715 231048202
891115770 891980089
247329005 247212762
473989971 474172094
260769630 259819091
161623553 161697030
174149785 173110938
832548327 832848170
168298130 168822543
220757614 221325585
363010515 363460306
251437830 250698643
163499115 163513658
319776015 319474778
554774605 554179821
195478734 195904345
350889357 350475026
783152070 785147363
648501958 652636155
156409890 156307129
314367910 315093207
309128118 309157835
259819091 260769630
417205135 417716754
168298130 168822543
844112715 839295457
126979255 126991326
477099534 477670165
160133935 160119498
891115770 891980089
185860983 185940170
145724205 145501538
756288214 755981135
191176194 190892065
417205135 417716754
236414815 236444874
532261041 532415422
235922610 234524537
294059370 293965777
532415422 532261041
243267297 243129590
243267297 243129590
251437830 250698643
687249134 687242255
190148365 190642998
259819091 260769630
272629986 273538265
458211182 458855313
785147363 783152070
708212967 707939126
832548327 832848170
870242835 870891866
783152070 785147363
130058330 130032903
363010515 363460306
748954635 750221731
241293206 241610745
293965777 294059370
832848170 832548327
541665883 542024210
770404343 769115802
363010515 363460306
259819091 260769630
785147363 783152070
891115770 891980089
832548327 832848170
598998315 597869162
785147363 783152070
272629986 273538265
216115291 216348990
309128118 309157835
213690435 213893966
202172369 201745830
755981135 756288214
783152070 785147363
220757614 221325585
135746303 136173570
288883761 288518230
204536010 204534187
938621255 938384958
130032903 130058330
417205135 417716754
449767487 450048390
783152070 785147363
494909389 495103290
195904345 195478734
282857237 283081470
449767487 450048390
213690435 213893966
154635026 154621335
241293206 241610745
211183005 211104166
122482705 122444322
269983154 267645495
832548327 832848170
168822543 168298130
372475202 372312759
417205135 417716754
783152070 785147363
832848170 832548327
213690435 213893966
329150870 328936179
891115770 891980089
174418062 174133355
309128118 309157835
129089730 128737141
195478734 195904345
707939126 708212967
397544847 399883198
190137090 190231097
783152070 785147363
136917762 136871735
891980089 891115770
964847631 965042338
832548327 832848170
284483010 284257391
783152070 785147363
236444874 236414815
832548327 832848170
389609519 389049738
294059370 293965777
282857237 283081470
243267297 243129590
215126205 215488702
832548327 832848170
785147363 783152070
350889357 350475026
832848170 832548327
145724205 145501538
199666105 199777578
452727782 452729585
395083995 394673006
598998315 597869162
216348990 216115291
891980089 891115770
417205135 417716754
181668630 181383139
317897710 317382681
399883198 397544847
832548327 832848170
783152070 785147363
400853310 400489961
336870385 337076454
350889357 350475026
358990465 358814274
389609519 389049738
783152070 785147363
330213426 330070895
160133935 160119498
135746303 136173570
283081470 282857237
260769630 259819091
785147363 783152070
417205135 417716754
832548327 832848170
243267297 243129590
143156830 143083941
783152070 785147363
938384958 938621255
449767487 450048390
293965777 294059370
648501958 652636155
174133355 174418062
284257391 284483010
293965777 294059370
251437830 250698643
319474778 319776015
288518230 288883761
598998315 597869162
964847631 965042338
389049738 389609519
336870385 337076454
449767487 450048390
216348990 216115291
585436089 585962806
251437830 250698643
309128118 309157835
213690435 213893966
395083995 394673006
211183005 211104166
283081470 282857237
400853310 400489961
282857237 283081470
783152070 785147363
394673006 395083995
163499115 163513658
477099534 477670165
220757614 221325585
130032903 130058330
785147363 783152070
891115770 891980089
283081470 282857237
128737141 129089730
293965777 294059370
261950910 263022011
870891866 870242835
384181995 383834374
783152070 785147363
251437830 250698643
870242835 870891866
168822543 168298130
615630457 615537615
190148365 190642998
228058523 227183190
319776015 319474778
473989971 474172094
785147363 783152070
832548327 832848170
259819091 260769630
236444874 236414815
354840694 354601005
129089730 128737141
330213426 330070895
832548327 832848170
136917762 136871735
785147363 783152070