783152070 785147363
832548327 832848170
870242835 870891866
891115770 891980089
938621255 938384958
114371070 114388729
119593474 119569755
122482705 122444322
129089730 128737141
140720118 140954645
145724205 145501538
163513658 163499115
179808370 179983947
190137090 190231097
217545385 217422282
236444874 236414815
296377770 296383219
350889357 350475026
452727782 452729585
554179821 554774605
589480593 588133315
615537615 615630457
629428371 631412215
662937303 664307215
724619445 725389847
748954635 750221731
844112715 839295457
925143065 927001959
978905707 979159335
17395070 17490603
17859534 17866745
18798090 18809791
20557810 20528673
21165221 21314670
23810914 23888865
26288093 26193090
27828255 27654418
31611041 31835910
34402526 34571355
43235607 43227470
51178127 51126378
65978770 66095813
80862353 80895255
84294735 84820021
86367435 86822723
91261695 91049387
99468173 99706035
102797695 103130211
115598147 115634805
127142873 127268715
134398615 134562351
153301665 154268429
167183527 167178765
209395979 209749485
247729339 248210319
320489005 319766447
339609743 340285855
355488119 355327115
365277185 362673223
383129527 383155045
419098295 418065479
433482269 432068455
487310461 484605485
534600983 534734915
564871615 565618001
646504441 646259635
701820329 703563445
878065045 883684357
2714690 2733549
2863718 2871435
3139598 3126045
3244863 3233230
3621079 3653130
4003363 3999930
4238785 4222218
4836279 4839230
5272635 5245786
6629290 6556407
7780101 7821242
10118390 10023013
12365067 12302815
12666445 12595947
13291773 13301015
14571195 14481467
14969435 15068361
16791801 16937305
18594017 18515805
19679079 19553105
22359029 22504695
24437517 24334345
30590157 30548485
36105377 36234939
46750697 46640165
48974705 48663769
50060815 49930309
52250605 53009411
57406505 57586837
59403253 59489155
66664565 66837953
73150847 73734895
77373985 77911603
88909853 88665115
96475255 96568927
120764855 121229251
143266669 143064163
152307743 151751171
158676011 159210667
163227757 162320743
171217189 171475787
187042141 187348721
193719383 193366313
218449517 216208601
239183329 239038241
253471799 252100277
289728263 288414889
314517847 313988623
392514343 395365091
416121277 415154807
440501909 442242229
461946221 460941689
474831929 470307703
494909389 500009719
544455379 542477683
559198057 564601739
630893549 630989221
695266561 693108013
732842077 734930963
840087259 838374601
913013023 911666939
926572981 928776823
982550363 975017303
448630 447051
490314 488215
506345 505362
566618 569415
623645 626262
655270 666159
762755 748374
823745 818958
1028859 1030370
1232777 1203906
1575730 1569799
1924111 1928355
2027245 2028117
2219371 2211105
2288265 2292433
2561251 2582385
2827355 2831829
3026415 2956811
3429937 3411705
3739405 3698331
4614973 4709055
5513629 5518149
7082873 7159295
7351123 7234535
7703531 7649915
8299655 8474741
8666515 8675723
9750895 9722453
10528595 10899941
11254705 11396333
12966835 12935131
14061073 14097335
17645485 17652919
20957209 20808689
21850253 21814793
22358323 22359029
23453353 23619427
25814789 25612133
26764103 26407381
30000971 29703859
32791759 32897107
34520701 34925891
39844579 39569761
42825601 43509077
53316001 54918721
57325913 57597683
60155159 59994649
61475389 61569937
66480557 63089557
70992493 70514711
72819403 73486699
82858133 81431207
91153163 89604229
95041567 96048667
109586563 108931427
117144257 120431519
127943447 122749367
137566111 128737141
138591767 139671337
140712689 144276653
151552769 148438849
162490421 165243247
168573443 170265251
186797599 193737661
203977337 214771999
222951973 219610417
259106347 247110827
267889613 247110827
269122423 273825511
289363199 287182853
289363199 313897537
303478477 313897537
336286961 313897537
367569469 342766631
367569469 366405709
385499687 440501909
385499687 533239153
385499687 595973171
423417689 595973171
437770831 595973171
487329793 595973171
549542107 595973171
600662303 595973171
600662303 625045033
600662303 692617469
600662303 826672463
600662303 883684357
79534 81345
82110 84227
93670 93093
102718 102765
107445 109802
124355 124062
135470 134589
170085 168454
201894 198679
260015 257114
320943 312455
346579 345345
350455 365079
394383 409045
442221 441595
465465 468901
534905 533577
565915 596037
737035 719169
870573 852397
1113959 1110265
1164605 1176791
1245013 1313845
1316497 1328195
1468415 1501423
1621477 1645945
1714765 1739507
1964315 1985753
2162095 2132123
2608463 2777135
3175081 3194147
3240523 3282307
3453307 3413039
3812369 3689959
3887989 3867721
4322747 4386221
4825331 4756609
5022787 5107219
5733233 5851069
6338501 6254591
7971317 7815379
8226691 8277217
8486179 8415539
8833081 8959093
9722453 9714947
10080983 10015603
11266981 11299067
12350143 12478213
13094059 13153907
15014009 15001613
16289213 16341247
17450303 17201263
18050209 18176509
18594017 18505639
19295051 19761209
21347393 21318401
21758249 22358323
24942383 24592087
27557933 26943929
28733497 28881767
32970293 32915087
34995673 34520701
36969577 36849151
39112811 38069953
39407479 39628471
41788217 41410861
45438331 45455429
46808381 47168081
52717267 52806709
57464879 58642669
61475389 61266013
62323813 62480531
65978881 65700689
70456769 69379339
73154513 73036703
74416523 75300439
78403849 79197529
86666543 85514069
89499139 88518467
100260047 99631117
109586563 110341741
115258093 115231357
117144257 117219247
123351821 123922597
131094917 131488639
137566111 136959457
141403307 139742503
146581109 149379917
160998923 162325697
167292317 166992877
187017277 188348591
193276271 193129721
202105031 202859567
205659239 206111497
217675847 216778567
231635281 229720571
242029273 240306823
247659403 246299639
259988161 259984321
285560767 282515461
294239411 293091763
298216739 297328781
307084793 305980819
320589209 321920461
328598887 324720133
347104729 342208597
365798761 366173767
382793239 382467557
396181519 387569191
408925991 416083867
450497627 450788797
472861813 464767349
474676441 476032591
492169289 486523027
509536541 516163801
519040033 523889683
550561981 549807457
585066311 583431353
611757593 609880699
631132027 619995643
659321123 657648751
679941929 669992849
702339941 701938163
712217273 711702073
739369769 726494933
774519397 761740327
780892169 781134829
820759361 827327323
869565187 880580531
909067457 920671109
936125273 937672663
964867067 975505351
993263407 995597287
14858 15015
16530 17017
19227 17710
19285 19734
22330 22287
23345 25194
30305 30498
36366 35581
46690 46189
56695 57057
60605 57057
66495 65569
74865 70499
74865 78793
86955 88711
96135 94829
117645 121771
143871 139403
177905 187891
200651 198835
202895 210197
230945 232841
256795 253487
270655 268801
327635 290377
342953 327845
419543 421135
501239 493493
519593 527527
571909 572033
593147 589589
697697 631997
747881 713713
765049 779779
893513 873103
1011839 911183
1081621 1339481
1134383 1339481
1257019 1339481
1339481 1500313
1431859 1500313
1708993 1584937
1733303 1891699
1891699 1937221
2369851 2022161
2800733 2022161
2800733 2210269
2318087 2800733
2800733 2568691
2800733 3065857
2993887 3065857
3065857 3774901
3065857 4569617
3065857 5107219
3065857 6678671
3457243 6678671
3778847 6678671
3963181 6678671
4391633 6678671
4391633 7971317
4391633 8521063
4391633 10743949
4391633 13005833
4391633 14535931
4888799 14535931
5512901 14535931
6025729 14535931
6319667 14535931
6319667 16107383
6319667 19224941
6319667 20550799
25911877 6319667
31367009 6319667
31367009 6533893
31367009 7273579
31367009 8202121
31367009 8965109
32897107 8965109
36453551 8965109
43509077 8965109
46509703 8965109
58642669 8965109
58642669 9846923
58642669 10180717
58642669 11333251
58642669 12780049
64097801 12780049
67224523 12780049
74492039 12780049
88909853 12780049
95041567 12780049
95041567 13543037
95041567 14875139
95041567 15379381
95041567 17120443
107174533 17120443
117144257 17120443
122858611 17120443
136140623 17120443
162490421 17120443
162490421 17602709
162490421 18653617
162490421 20488399
162490421 21182921
180885563 21182921
21182921 203977337
222951973 21182921
233827679 21182921
259106347 21182921
259106347 22923983
23569729 259106347
24976877 259106347
27433619 259106347
27433619 267889613
27433619 298216739
27433619 336286961
27433619 367569469
27433619 385499687
28822663 385499687
31191649 385499687
32070287 385499687
33984931 385499687
33984931 423417689
33984931 437770831
33984931 487329793
33984931 549542107
33984931 600662303
36441673 600662303
38286821 600662303
41433683 600662303
42600829 600662303
42600829 636522739
42600829 699131533
42600829 722830907
42600829 804660821
42600829 907383479
46430117 907383479
49786511 907383479
52307347 907383479
907383479 56606581
932943577 56606581
988641701 56606581
3135 3094
3542 3315
3542 3705
4301 3990
4485 4522
5681 5610
6578 6783
