252471085 292155853
386106249 212713093
954308965 578870963
336198161 283134147
11033491 94182779
15788329 42995335
263515681 180898274
39011881 9896537
565546921 51921777
86227663 137499645
127582933 704403431
220807653 162859145
225128443 132712134
77012498 40909009
12794654 216655861
105646201 20488539
71039045 45871509
58978437 56839315
227303930 195114667
48261909 21936643
117123398 130467739
47278241 757041239
85241887 81600443
521793782 437725031
178664321 109828995
42088970 33570921
18659395 220798777
439541719 258898526
259058585 374226819
229862569 34941894
934617687 426832019
963925129 861726413
308166589 181328855
6790493 366588787
85192205 72870601
65970314 58794861
2189141 12774847
234114091 568418251
427583969 6491138
288459651 164605433
4093121 4413829
214420661 196127817
35888969 651743921
479990219 232026618
394109542 529152115
13887254 93676267
443755439 233397794
202460414 424340749
589222407 312540509
29218793 1316733
82935310 87081279
19604341 49297435
50312211 59705477
413799053 387509578
154634 86789
263670653 231344894
33645351 47417561
26340815 23827503
15911611 5673783
23317957 35783989
63118129 113731514
100104479 45036039
84235011 41428523
128889687 111681806
34676533 32257005
4932041 11467577
93342659 169026762
133336661 210150671
937999126 653588229
112046821 64586686
32579453 96641915
38213 2033803
861681878 932334697
10875763 137782
38555341 25189374
210755647 106647622
17368039 2948558
295479619 370730190
624159734 587812187
365229235 340220613
14034509 313561147
21601135 29531571
411325391 492602122
51089629 65424187
515019083 754848559
19660490 11241641
250383903 237006013
10318529 7861882
27295 4706153
179530567 47528174
50663391 91979782
153708235 145495929
2190341 1368934
506619247 504045129
567766703 247765703
165750886 140880553
110015858 194207545
29090757 14110205
81980071 122503305
222424538 232838177
945343515 552840581
360946133 392957538
151590959 103558397
101374206 62833393
152153853 332212477
72072643 28447886
640923217 125677918
49701603 96206834
149405962 201383215
813038739 874886695
428469458 402214757
103955485 151389003
28853401 86648821
45526279 1096271
19204502 51884279
696042689 958073217
211387951 144603745
338278255 338525293
17438269 5303946
3989290 32891011
3027589 3414905
19629490 13997523
598950462 313145507
32005274 326157313
75563834 69782989
16553359 8844215
32925693 25805014
381073391 352450209
92659271 258833561
18597749 10212243
6068407 2555402
21287923 25517762
271858855 181779177
22606915 7061551
114821715 95258746
93119762 51872993
7489693 7140221
250914065 193941539
156284461 129313034
9166461 59460967
957199102 981291385
423260417 454704062
124686555 104839459
124524381 912300161
262914918 233198603
455749401 330314498
671407877 336892397
245246659 291164995
428332839 290340298
54032570 69867087
84436511 124632217
128923207 160878642
10816941 6513965
168430073 402258547
37786199 19186955
233429651 122865623
138844099 160687523
62813570 85048377
243181753 171689917
114761823 59742653
271192633 16111049
357694165 600631754
228649967 228979119
326069087 746828777
463089061 206947355
1976379 1693547
405729943 2775178
226469269 761454539
92838113 41846097
28698553 16644974
5433343 4504085
148434349 627921761
95095523 100641970
312650411 317628155
246012929 3072841
703429401 665617699
31487405 81047941
10662589 13094103
306791645 103907551
16244117 31279630
330844826 355189579
78458054 61817529
751613239 938379895
35082554 33956257
616728498 616606559
62862645 25578139
1211235 1452842
81923682 61544699
33077365 28343759
845841083 126627810
165636915 196247137
181087635 97088831
162196682 102988873
2379637 1801439
426228735 915321311
1358778 460151959
83248453 13133438
160060243 148671269
183137003 143673958
51286451 85180494
150043197 132756562
847915259 323717154
452273929 451042753
353432942 373544951
784334 2983507
355504883 84406501
45517897 211408421
244948213 490289305
23899829 35868158
2074310 3413941
177367171 110174965
81504383 93101
4666742 872345543
85722347 83365710
214144069 329491402
203460242 214180717
6452146 7366435
205594907 215893238
10262893 2039541
5100242 46188319
135244821 67916143
250186942 399187847
820641959 71213551
298258537 690983619
270186509 453438402
3576409 4202205
478569027 566186666
144476521 273383391
39428617 49884953
145063129 379515873
17555521 16667755
118769813 220124427
91103306 104213733
16361 83216509
196851406 245784907
2075783 289305151
798010063 230864969
843513763 234250286
5516815 44265979
280011530 330524841
76054377 239269453
26000341 185695477
36670630 81199451
222906979 121773785
454606070 364801223
35168023 66528710
382648561 382395297
767378 71635303
642091495 962784926
591249563 538392635
163769602 172809741
208670181 326042885
202434883 158930015
83474563 18344902
528736647 239664679
703474853 17696761
95380755 80331317
27406381 63292483
12791409 388345499
659253634 761870857
88258693 339083297
55567263 184165271
205211721 243651779
493709793 546212131
114573827 23449631
106201110 102494581
447443983 407594002
979898951 580566995
125228159 316515055
567517722 927171407
360204437 565922402
139616378 794653159
1431677 660945
18241777 29233365
554410762 329023697
107608441 173861162
117148481 122402006
124046443 12241837
451106641 440450405
31046439 27082147
228877771 218653573
55276221 55535362
444149423 342144222
867784271 851938105
614391511 780742093
231231058 923523127
311586415 311451883
36042065 28545454
2317361 3027094
429583911 687788759
58101299 33178917
535677554 587590141
92993330 85555477
86544671 84543459
339987410 784028107
23828462 26510961
94936085 595948879
908907285 806149103
480781259 464621226
1188246 1590991
174161407 338397341
2676381 4703702
281649873 526261474
219869102 253763365
27366103 90645767
32154430 23728993
5933594 23959489
26211071 45638434
177080369 166321319
103889035 144737614
354314419 282035195
45913429 11274173
24530497 13035239
112476566 466739561
545947495 721035086
260162 203420507
156639331 624635
178402357 123391006
2996911 2475733
321349367 216982947
72254710 112488241
31166807 25362143
198202190 154082919
111639793 73032837
13787621 476987177
2323929 1934570
803985646 571183559
21159233 19849534
7914389 1851607
303430389 224939402
8121914 5959307
4034582 2950631
390713089 489091663
188201 227193
7008535 7215698
163095371 58218046
198094894 304188443
938875763 430636693
100926170 336196447
89827185 124515634
387773161 377929
255703569 214468879
50493046 722428247
25113 513727
11052061 11961457
58732813 62343087
23557901 296719721
393441402 504179131
118068554 128949319
81131297 9566813
790203119 316067287
449081 438437
343921493 791912321
215737661 181252810
155580277 129565599
482518651 380405773
143422634 490862027
678243538 400872233
2785253 5266061
124733931 136818454
52052015 151944833
223714795 212497446
72341438 70287289
389852713 384906867
56536989 68024846
23985431 31955422
219877199 176565405
711380983 51527602
7348153 10478945
977622 1399681
415462693 521622303
275540527 383873345
628838886 580555085
33569399 755335621
30289435 19633018
902624181 427501193
194718539 387030234
82022795 39602803
65691589 226187369
200748485 236989598
71977033 73096994
775508929 652190559
459833122 348029895
139960933 185077238
296821630 351085627
594158797 95675377
246498157 475860479
50886811 46003126
575611439 51672163
312513815 246350386
754769341 184922195
244133693 7767115
33077183 12944591
265793941 225085737
296292611 212099378
71643233 63535774
87936959 101601122
206807653 198577731
44843723 9061409
21424115 32430459
26242055 13586021
45291106 42536283
473667127 292305799
396072169 319234819
336982722 435178663
50562611 12587441
99052679 97912571
589838097 485381605
1415030 2874467
16680085 36577081
4610686 365401627
159749435 77232787
197659993 413036855
900258337 84276557
175226110 122979017
636045581 358684381
839148371 130418907
463728805 466436073
43730774 39619369
20736997 36787254
22344351 20434133
21508982 26609585
5551714 52340537
140550673 402661453
329075459 128635202
23646277 10392229
87251069 97018201
52159263 39429641
5420111 5114465
195825698 179161359
2241503 2281679
24378303 18408665
38050723 82499999
632454358 334133565
588590571 548280710
720004557 877623590
281202115 462201022
836344749 761280902
259638945 192069329
37665879 115548989
151163051 64241313
57492599 224934683
4708967 729242
1593947 29497547
6041281 256687
43508378 492637799
56580638 376461661
524871071 311513721
395388843 142412387
62495247 102266665
25336073 22152079
700321529 523247005
510908779 54113205
7920163 29315021
247194434 628612063
79784671 3953
134300578 188002285
754942 5171939
428580101 757877989
32811557 17437863
217317593 269484771
209321993 267719621
921146945 767479533
889443083 294926677
672478315 976456591
251219015 185220887
46643 17497
7451765 51014533
192057486 257983127
113563649 134535615
199890643 185575161
31695205 34491914
141405389 88953171
8213314 7065123
8873266 8650831
216116842 779679347
114470337 157271758
72790285 997494229
267151386 193671937
326017693 163052231
291547149 298336090
5771091 4006249
408807701 235998842
6053270 15938669
322175153 178618467
36813686 32330379
14258477 11575795
105436781 22250695
69587923 226006405
152032686 135331519
3276541 728243539
2104823 7233539
84651241 1521589
2554305 13774193
191280415 229232337
444313193 494709609
642763241 917752931
96625351 138133807
193845241 32958082
66298573 11359181
