62
90
88
90
84
82
75
90
90
88
90
51
79
81
15
52
44
88
88
27
34
90
90
28
88
27
62
83
77
90
90
84
90
65
67
90
90
75
47
62
67
65
86
90
90
90
90
90
90
88
17
90
27
90
15
52
90
74
90
33
83
73
90
50
90
77
90
90
90
49
81
85
64
89
90
90
15
90
84
86
90
90
90
87
32
69
72
70
78
90
72
90
90
74
68
78
90
88
85
90
61
21
65
90
90
90
90
90
90
90
90
65
76
90
67
86
87
90
90
61
85
79
90
84
35
83
90
90
85
90
77
90
84
90
90
24
90
78
90
38
72
90
80
30
15
90
90
90
90
88
82
84
63
83
90
90
90
62
61
90
90
84
85
72
83
90
78
62
90
90
63
90
69
86
83
40
90
90
72
90
64
84
82
90
78
90
90
90
90
90
79
90
90
90
90
30
90
41
69
84
61
76
87
90
90
90
90
80
90
88
88
90
90
83
90
90
90
71
90
80
88
90
90
90
83
90
87
89
64
83
90
67
72
90
61
90
67
35
90
67
90
81
90
90
90
79
76
90
66
75
79
82
86
73
90
82
90
85
44
72
75
83
90
90
86
76
62
90
79
90
29
90
25
90
81
15
73
90
71
90
68
78
90
81
81
87
89
89
90
64
90
76
90
90
84
84
87
61
90
90
90
90
80
79
80
71
34
83
84
57
71
33
62
83
65
81
67
79
90
83
83
90
90
63
90
90
90
90
90
87
90
90
82
73
90
90
90
90
81
90
90
90
90
66
64
78
83
88
85
86
61
72
90
90
63
89
80
67
15
90
90
90
90
90
88
76
90
90
88
90
71
90
90
83
71
65
87
90
78
88
33
90
79
90
82
85
78
87
65
90
87
15
22
90
15
74
87
90
68
75
90
90
88
90
74
90
79
90
86
54
74
90
90
90
90
90
90
71
78
87
88
90
67
81
90
90
90
90
90
90
84
86
77
76
90
90
26
68
69
71
90
23
90
90
90
77
43
70
90
15
85
39
15
88
68
78
90
15
86
90
90
66
90
90
90
37
90
86
90
70
90
90
70
90
80
90
90
39
90
90
85
89
88
84
90
90
83
44
67
89
90
29
62
86
89
71
74
90
90
68
88
90
90
25
87
84
84
90
90
69
87
90
74
90
90
90
24
15
81
59
73
80
90
90
82
39
79
89
90
90
77
40
72
78
90
89
30
15
90
90
80
70
90
86
90
51
75
90
90
79
87
90
90
67
61
81
90
90
82
90
90
84
83
85
90
26
90
90
73
71
69
90
90
90
82
85
77
86
90
62
90
90
90
90
65
79
90
81
78
73
85
90
15
78
86
90
90
90
90
70
90
90
78
69
90
61
90
69
80
90
80
90
80
75
90
90
15
79
90
90
80
82
90
90
90
90
82
84
89
83
90
90
90
90
90
84
90
86
43
75
76
17
90
90
66
90
90
90
90
78
90
90
78
86
90
88
90
86
90
61
72
82
90
89
26
63
90
76
90
90
90
90
90
90
89
90
76
90
90
74
68
28
23
90
78
90
82
86
90
74
79
54
86
90
87
54
88
86
90
89
46
88
90
90
71
90
90
52
78
82
83
81
90
72
90
90
80
90
85
73
87
90
90
90
90
86
29
90
83
90
90
90
90
83
82
15
81
85
80
90
86
84
18
74
73
90
81
39
90
90
90
90
90
19
83
90
90
87
85
90
90
90
80
90
23
87
90
90
87
86
87
69
58
77
70
83
90
90
90
90
89
83
90
90
87
85
66
74
90
90
90
89
85
84
85
15
77
86
84
61
90
15
90
90
90
90
90
78
90
88
81
85
82
90
16
90
72
67
90
90
68
15
90
90
84
65
90
90
84
90
90
61
78
90
90
29
68
90
76
90
80
34
39
90
71
90
90
90
82
90
88
87
90
90
81
90
90
90
72
89
90
90
90
89
34
85
90
79
84
84
78
90
90
86
70
44
90
23
62
90
23
40
90
90
68
90
15
90
81
85
66
88
87
76
79
73
48
90
72
78
76
90
16
90
79
87
88
73
69
83
90
77
22
15
90
90
90
87
89
84
90
40
83
90
90
90
69
81
61
90
75
90
68
90
61
90
90
90
83
90
79
89
90
90
78
27
80
90
78
90
84
90
90
90
87
86
75
90
90
63
68
90
80
89
90
76
90
82
77
76
90
90
79
90
85
90
89
73
89
85
64
90
76
63
21
87
90
15
30
15
67
62
84
65
68
86
90
90
15
89
