190974571 69306249
3693323 40563083
855574145 886680527
714181 24799483
29354097 26797366
713535017 668016627
154298066 186662981
6934877 3155143
98782395 63966403
34755077 72440969
843588471 671491331
323904935 286487691
76714541 84168437
146801465 291468687
403745465 448636643
484477427 374041571
514 8875871
77012542 98305801
527517385 630501451
38731969 90809461
151826123 140680993
22318423 180082
226119703 294391454
684777493 867620865
65628781 73145695
64993269 41544221
116336639 377743613
2288962 39548011
213458653 146237766
53125687 13466182
802842277 438254195
275037213 321504019
481534329 462967282
49220518 488334607
113436301 141500245
14874373 87514943
233182954 558090577
293302227 888713923
9615605 1979887
449511027 641050754
939706259 21503569
31981930 56327311
224834937 274092601
43917007 77138301
349302922 428711893
475627877 19967847
56232901 238565
127945369 22182931
14155942 35083235
313755823 405506749
56802541 62306018
13794767 19595635
288742865 174566879
960878819 831377885
176788109 434221235
182469011 211080701
98775181 9234199
327458947 135884345
640117337 244768929
16082347 1251721
7502597 5597727
800964597 882066994
968644381 46570946
42978161 30606253
331096889 107350285
462946001 484475786
242822986 262112755
114598587 42537959
19516777 14710162
25002015 173427427
24876869 252737071
461903387 345676258
76402421 217455
443982621 649433618
402517669 647391289
90495109 37487455
15840601 4452401
164699999 20200813
12924013 35333637
355273899 234256889
113881186 193130567
226134487 17064917
67015427 68759713
540157502 851476829
436264415 420276514
52341137 17987662
6380401 188548333
321488966 276800987
504664559 158117689
167109405 108394687
275649826 246542649
248693 948816227
4615835 4988334
113849281 110324101
307670 1574803
668998271 219682379
233039499 264910951
379651907 102397717
87833315 56506647
5553391 17220647
486884479 762623342
92323567 59853027
407801285 164236543
206377765 180548518
103657439 408186581
136623343 237987447
6926407 688474
271757717 277418698
1155198 1070951
48983837 60180083
119124487 102098273
829626314 953518661
129345797 134876886
1926587 7164041
288897 346027
592082861 607346207
4284422 8294555
342983009 80248607
374173819 459043
145550491 244450190
51323267 53417978
84768099 92216962
5000834 3587243
7250834 6567979
39987841 33328239
571200749 139585121
61227289 48907533
970931213 986369770
256255773 496382003
801535294 647932101
275192027 350995265
882883859 325254854
99387401 257520977
72268954 63482793
128942371 100021499
19181958 52175611
353382134 330136885
717794071 597514326
70260842 91378635
215999117 76997465
359730467 206320006
67509722 68810015
569072599 596953569
34068189 13254509
730801882 480261027
62515607 100611734
966990801 856907419
421214542 415037839
987352879 652601155
947405362 837899753
611897457 595179634
359031226 312904579
2794083 3004481
428134969 488086189
17896639 6279818
170503895 90300583
22934551 25773158
265125289 463483153
290115777 177479639
357275263 825991631
11666951 15759438
927818299 512304118
974454643 144993763
272958587 623978461
220391169 228117659
561740527 699963758
156528781 524355733
182628519 757281271
850497017 91548818
134057037 215257091
37046623 449085751
486884174 297930669
997334441 413586559
338045057 255630405
98980781 810674857
216416047 207233166
32208681 34210945
454838 446620547
157000345 157453161
67965901 172824189
115184271 129270791
194775153 250267994
345634554 350979187
217792669 40180606
747586649 441307871
96842206 191913845
244160129 199684391
61458527 951904559
96685109 245408123
126117806 173702215
3823031 464689
233349323 23158523
4986413 18201679
380211 13887787
516100305 433143619
323106229 37237678
283868894 252540717
65561470 37330439
83397907 146163511
77343883 109530661
288797235 846719849
766653097 655232086
136381121 148909087
273337721 5229490
9403215 14269033
13917434 13290879
470353593 666407165
37745790 42862313
227437657 119941145
64610423 57296635
237465181 57005446
35887174 62838355
20013122 29231419
99735865 30731533
58341653 137270
23545003 10612383
523637 241627909
170102981 111923887
211044277 26053951
257472802 137852617
123506097 116721905
23551970 18769657
9292835 4869337
956428311 635905795
130620990 172363753
72739046 68417531
72776407 344682043
178884138 149352341
289919845 383486567
92213917 76309267
167494549 33091598
332941613 320210701
37947622 33721933
22787121 93367817
215402242 438712019
35109318 284905427
22911402 24030307
113808703 637783531
589713259 19784809
208049367 198171835
303387666 391206097
137459193 62701951
164418819 259609729
686022547 657521762
91873254 294422207
849946873 200711318
62627639 5159989
50867441 662133671
142008013 29109691
23113613 30506189
31607562 46140557
156014467 44290451
51891965 64598417
149229659 9035319
214514769 352096846
497107113 393059230
52821217 100603982
267191261 658013635
154868270 490175183
319893181 66791373
125827863 505931857
232815665 135096182
263444095 208015761
55910798 129081193
2431553 1706110
592752511 698835385
452862205 452566286
54356815 100483522
244267753 9194315
94122237 103035959
308708767 349075901
938615685 986145031
739285798 838684221
127069229 218226055
442786547 448905810
245913474 361949323
494380921 87549486
338437445 166399022
12934741 13090467
489013523 767924513
859195117 364745559
189534486 228976129
351464918 463399331
435701845 277498474
120401806 248803937
55867663 17466007
26412973 163458403
200132594 436358171
74095609 78914770
3653182 3430457
21645223 43398759
543343687 990864758
397793229 303307151
301691147 641678793
23161831 43158741
110943665 77377094
414627511 493023470
332836507 687163449
358238713 286537862
295489105 195057501
51546578 679892921
459510793 514283677
478563023 706996687
25150853 27704359
48422598 28110293
32821906 161983727
342533005 200595017
61642391 53534221
375127019 511817943
80668067 101949295
360136654 312916335
144376657 71290382
959734794 516735463
1266465 1433194
49533197 66928422
35993058 33329551
18409174 30780083
1391635 1070597
35388989 37340742
37029027 59466413
53160421 31436129
997164991 424697503
364165999 244600345
66053163 37082545
6999833 339046
413058077 433290647
4899998 134151907
9824269 10328698
8490571 6608665
88121999 134316319
39702293 25821547
2914751 1902226
22535215 155605361
20960957 2764462
273243229 452611274
602986430 791948801
30977935 18600442
37375230 28341121
88706786 47029119
967951505 963159978
877426303 224382478
140495162 179347321
244588774 458225663
50151109 39473202
488375149 32972851
91286133 93330770
170640407 270355559
17671127 573688463
51783757 96207707
13976827 13388561
53644673 75033367
256903726 353067017
592917902 435178249
270564793 97204978
136684043 21816911
1595615 2732557
5422135 2494471
22777942 22973443
252107537 470933363
220654634 492859769
870627655 438871997
102850469 111999022
748715429 357148599
247952627 519657995
583188034 509584521
63819773 842263001
68393449 57630527
682515137 116709053
89213739 97973570
1854703 67392179
8356087 9717118
55200282 63930641
1437331 1472327
711668663 617280235
238275055 183717623
419898847 709486438
236860529 58913274
76364970 74056759
249156163 290418065
85845371 171298601
9287690 690755831
1265270 1324921
49518465 50378018
29815058 22940999
12498373 473762117
17089095 16117298
156804799 140922806
268110098 912062767
307262217 179619379
31680967 40739515
253858785 217504814
188735290 216138623
79754257 132892261
52422789 25437943
851206769 786609686
665587111 660845890
131641733 123950122
371390 893625067
374818649 163035430
30087151 33025237
869111682 636169063
354529273 223653571
51453566 46783165
60695439 43622314
37285862 27503539
85503095 161674777
133581 515759
168618161 159728197
484809769 986001611
255254237 216029543
1004227 2848273
580011698 363280399
6352303 655959
317272834 220533199
15332362 284307713
39856985 120743587
47587603 26034879
330088423 189027813
10611237 9405146
139703143 199868905
215211701 200631866
162203330 150313047
68255254 295118857
78823058 41309471
51633462 841828979
119810290 118370987
372881021 553134622
439451339 303094471
158534255 157126533
265494889 173152821
347752221 333651977
742582007 615445061
185521138 174328843
47968243 13956797
512817342 422215471
104858803 78225295
326351854 449923533
3894521 1425751
6572595 128107249
6321031 162065263
112201151 44135526
266416014 248518703
35385573 34205446
62683585 155152303
2677071 864544937
803407513 740028019
589982389 616649597
2477869 7114663
10784179 27409521
63255614 55330977
9458231 13147498
271401149 289178529
354253045 661074863
457716518 714662521
687354890 833117849
374392898 336780155
12236358 14414653
1901733 4077403
87642490 366951397
7011601 334567
74954707 667842031
5076835 3028609
85099906 90988881
236556607 61189621
9352409 4915803
150745673 370611935
61928741 48218637
137609207 32952446
482784387 380113982
123388617 120913505
6624467 259321
80102107 87029777
142170461 298994759
5957339 14231789
5551834 272719241
9695146 296836871
79606753 148559845
387677293 102781451
589549301 622964882
102212329 23744157
217144651 118526830
207238926 235964707
4929799 10907067
202288246 157953673
62512118 72258139
110697518 60268503
152920721 102368218
276575515 207221469
45370459 84751439
862888595 920701802
17933242 18676177
368720463 436071830
71918337 54229718
271517462 143180321
694614307 836836489
130581134 361563901
19565410 51180709
315522193 291587110
364504922 406074415
719577229 172871063
