49535819 67542170
158840074 208592123
469801 93520291
16941553 2056282
302585239 285492531
66927 1108141
35461357 39085759
237453134 447446057
177890297 170754653
5387839 14074757
320199571 505494061
57541421 150727803
11045067 10839779
41827982 81855701
17652641 30243846
9497585 31733531
695431493 471739561
289077122 256300963
99613435 127885071
222841455 240635153
348234047 273705905
526818730 478482637
9051530 18405953
397727846 460482283
703952151 786425030
167793202 965516927
63139467 120196634
158023807 5631871
237528642 230803489
69217231 48352409
106068611 11156851
134244817 218435802
35956821 910964599
24554319 61357753
324618991 103125829
190653546 164124185
9795614 7396923
6912374 29385491
405645 17208797
128592211 118832415
238404293 619139823
80126527 55589082
151503 920439977
364739701 284022439
4259998 21119951
4155666 3741751
42396341 33611066
1126045 5621009
79845515 105736511
120093627 127145335
12837729 11173222
16992322 494360891
29248469 4918586
1719391 2572342
426977191 196669266
18470911 19100930
309398079 300839162
395488333 183036907
249381511 284323442
79063602 42821161
5280971 43216381
41434087 40671763
770114867 329982977
906749771 50925613
493797 21930137
230639845 249703161
61417285 101932294
472166535 474446698
218725109 154595145
227504378 267338847
123808721 64866882
183236029 133569277
236763127 327850573
14288791 2927354
311890011 227488846
9281699 8800807
108114310 822809461
45918427 79380059
272352301 402907657
8982073 38885729
49581601 181750573
7634510 4909287
119537519 74084269
14699761 8138919
200074141 363140485
5789957 6567234
481640143 471018677
449449909 671483406
228157291 200304170
122115262 261923663
282230135 271838702
897932141 656465090
576927431 377104715
26710823 6010357
609962554 743880461
315284533 285854299
15278677 6519361
11580347 3926470
9583845 14585491
522813767 483209009
52607435 82379411
174564121 974573629
197715799 15226754
525311477 38193805
52423339 54170083
17854673 676490
1999294 297948887
317587 1943627
468999597 816057559
55395889 2732269
124617298 97084983
318715113 341338105
162035783 256608029
751002 1325623
588302734 708468739
310565306 296990683
177735439 181842586
961378409 99453
88046506 139662457
141800314 247341077
4586759 6948421
11725187 9338426
205057346 995797013
422138129 345194501
780977437 359176881
288256469 584106717
305076146 323514767
250106258 541077641
89858382 174940741
822183 1007219
802461902 915781017
250261285 191128118
10093097 1949981
61561765 216401641
92164053 116693089
4721941 4023158
48647442 73783795
9828894 26147063
64152195 187159411
23851393 68585
205868527 315043527
600646823 683311070
22281901 23270905
616633897 588670113
40343974 178344589
24458437 23602062
671842427 19321711
5428351 703094
552912098 601741281
76441097 95424073
768658099 802622939
413505626 403590239
808183829 329938121
63897086 150433405
77456791 130876266
920953166 762035721
105892313 282662347
948527213 601731494
183764005 544729593
15496666 22476167
7374242 10016741
249529323 245334055
83376383 42888107
213786307 71610743
288246517 249339211
21986107 17157839
218678965 238725363
416252897 182849237
32963345 124075999
5102963 10581477
191564521 178780726
323544154 431887107
122965995 308999477
199128326 392971739
613458253 667813802
233661137 64070841
499375526 681092731
975250013 59735423
17887835 16643561
8252427 63782549
276499817 25442003
167582019 93800107
190138471 220179722
514806126 601666295
365107301 132716013
8851873 9680397
143705137 1679662
223291495 302232338
222230247 328860907
25367489 24928374
45360763 27397486
185009134 271110129
120778294 122646273
123785781 65282647
864195947 125448009
532402829 919019098
95876661 549483089
124224207 58868909
155372429 32399062
4685566 4359649
186125609 28246753
240280289 169100690
7151293 8584638
123185203 109183854
5568967 26939195
4268269 331055
134939330 237095653
228193969 370681465
410706389 341365493
35055466 249119077
257644799 74611434
7573089 7283065
616306409 833920719
4111543 4504982
990896701 971277362
131164003 96032641
951311694 827868955
216298113 393524881
692699 212408983
227771029 461254547
55424371 33258010
795839431 332973787
782437429 689824095
290350257 196259603
33251162 31760493
18383137 582973063
74848279 89868279
79386818 67099265
2455378 1858911
356697571 699211077
125485447 125192858
72931885 40493989
124228459 35278903
1416061 30662
877454885 559379669
4715777 68149849
473104246 387452397
43263235 69538831
3628437 3755743
7116027 29383307
44778026 22708695
24453619 2711598
18005845 185887657
326224743 338758295
81567721 93012826
196801331 212876047
1317955 1113663
100301291 229658829
136162367 114451657
155030843 488070521
8522557 16681514
211031503 174222815
28589939 7599721
269234797 256731182
253085237 82341845
59907790 33377839
13896517 536881
280494403 53995859
110367289 446197151
183211633 348953511
7590946 12317281
350929191 350747639
6671031 3669965
37286022 487874323
11792553 16550335
99120667 257682695
193022549 99390801
211269241 946890151
4012445 1554439
47916565 28867989
40081751 43563319
518112649 486665185
600269503 21360093
561250969 29897842
33318867 230943301
79685302 90450653
149551303 120996798
276614 510745177
364269803 228585549
275979739 453835477
43373821 43737585
1620763 39290171
24381726 21822971
279189923 164279823
15097255 42982237
149723338 408558083
64150795 160017377
48448515 23844487
440057683 188440059
55190211 20960161
967073066 989773333
33570118 122987777
159800935 155620859
184472957 187583671
370243579 166579069
74424203 57797143
66643205 32264759
71153737 69829483
49192555 272688331
6484130 3533903
26091249 30472118
141684001 145531919
44197115 40289186
271712291 277569127
35652073 12102
60736691 3869093
10931041 7875862
209916995 165008557
4511258 8689105
172013761 215694922
3827599 8728041
106231763 162774069
531095095 153775889
64869551 241624745
222879179 233483826
431119734 824403821
575220842 675700055
18129171 53693279
13201619 26510939
624794774 518724907
11216670 349599433
324055 21946511
110956478 68706515
25881079 23964215
24890323 16740638
77491 23587
504543133 454160298
413484971 40566494
923887229 20949197
41112283 19713741
163562394 162283223
492460269 436608569
388211510 388193899
101632157 34741591
123628579 625677707
136820147 61451059
403192695 291797333
301743309 246167659
563507 798085
7224627 79534541
131311878 208017967
40327651 49386173
243357707 102725821
440124697 228661665
8141297 4912289
200767782 174393143
843432738 743948507
92700663 69304129
23417561 7059059
318521654 188925423
10461421 237852079
57279671 37086923
2621053 366645
318157289 257587935
214412205 169239698
39418771 34331074
44351294 59628259
6112761 31244809
36421337 51709677
340383001 782577681
321632405 584410718
386425149 246765451
391626615 647137138
29806009 31765739
3625097 4166115
14742493 64192153
197010547 252845333
458033649 387425878
1809517 118911901
10121111 426625811
343914271 133483111
239107585 176061531
113535331 398818373
71468161 57006294
1596242 11444897
8182831 19871695
6726391 2935679
60641961 81533978
248919173 102533149
127775649 386566363
116924561 146036090
223462379 216964677
460509037 277987242
11903845 8230818
676517829 898713754
226968801 235574098
27062369 220953
372113743 170956761
37677119 136182295
359983329 345155861
81461946 314822693
200497395 286480274
5850609 383832569
56091218 32691721
871364867 947354942
1973165 941642437
13589629 68794757
135694706 86179521
19632319 44181807
37863127 39659587
250608911 137738197
664488019 310286805
105271271 108210838
41578981 39909543
829082 65167127
310135271 828860187
24280013 47645035
29634041 172533371
279048993 355476767
817167639 634721321
245146609 255849641
301562279 446016886
27581611 5794835
128786442 128519833
3419374 4359417
498381671 435389622
134521906 224457151
497822497 311553847
679214161 25018887
70913243 5048342
780347410 449401501
2519342 2346727
379540615 601800446
203778141 240446483
493711727 344345042
650561341 820735970
37804763 112751529
539460669 206539933
200485347 298306562
127733443 590447567
647736706 680207045
562689627 501300707
249994 1142369
93615355 33543497
42351338 291069629
28399363 7742557
47400826 235745771
942676547 823097535
434645911 325879999
802106843 495349833
137981741 134101102
519235207 5922907
25098455 23102206
505283161 216524315
17926633 23709199
390899 386977
16553191 24107497
453656805 188476139
301915037 45587719
98457358 99918985
196829897 303185229
106388330 127850397
284909198 293666007
105611209 89423407
112540071 43416943
34046422 33535781
691148729 984441702
170917007 76547207
8324938 11292659
210857114 301715273
267156374 293178359
197340754 199984609
328913134 433598235
381126835 355011069
1616302 30222149
39227981 65601579
292933433 407836667
12911514 183191651
19258123 43302055
653228466 694746043
405251533 172948791
31270907 991473187
356231011 387047707
10102973 2033394
655799719 836478382
77323349 175968845
256640209 76487893
303022885 261648718
178251 253151303
180511034 131745635
97481707 276540115
227071921 339646369
19681421 20195466
377931739 213640529
7190813 6030086
169058414 171140581
273869479 294547489
87209326 123221353
364488511 276713105
288023505 283206089
679907521 24068143
17388070 48769733
421827587 850588135
734791911 722112886
27744865 131734039
514820885 141477413
181934651 29091818
105531595 156983713
303016517 45056611
153031883 65823617
