785147363 783152070
870891866 870242835
358814274 358990465
417205135 417716754
399883198 397544847
195478734 195904345
317382681 317897710
263022011 261950910
156409890 156307129
870891866 870242835
288883761 288518230
891115770 891980089
532415422 532261041
243267297 243129590
384181995 383834374
891980089 891115770
181668630 181383139
257606765 256607274
165639045 165473546
914567258 913677415
783152070 785147363
495103290 494909389
114388729 114371070
145724205 145501538
870891866 870242835
891980089 891115770
145501538 145724205
119593474 119569755
216348990 216115291
494909389 495103290
384181995 383834374
248831583 248517530
891980089 891115770
231048202 230849715
319474778 319776015
257606765 256607274
163513658 163499115
190148365 190642998
891115770 891980089
598998315 597869162
213893966 213690435
598998315 597869162
652636155 648501958
585962806 585436089
532415422 532261041
269983154 267645495
783152070 785147363
216115291 216348990
785147363 783152070
243267297 243129590
230849715 231048202
783152070 785147363
585962806 585436089
284257391 284483010
161623553 161697030
213690435 213893966
241293206 241610745
495103290 494909389
185860983 185940170
523509090 523120763
179808370 179983947
319474778 319776015
870891866 870242835
785147363 783152070
126979255 126991326
284257391 284483010
799277206 799476205
248517530 248831583
592574185 591353906
317897710 317382681
891980089 891115770
283081470 282857237
213690435 213893966
288883761 288518230
190148365 190642998
832848170 832548327
832548327 832848170
383834374 384181995
687249134 687242255
564871615 565618001
799277206 799476205
748954635 750221731
288883761 288518230
783152070 785147363
282857237 283081470
387491533 387570930
284257391 284483010
211104166 211183005
662937303 664307215
419699049 419723642
215488702 215126205
832848170 832548327
135746303 136173570
154635026 154621335
785147363 783152070
783152070 785147363
832548327 832848170
400489961 400853310
891980089 891115770
870891866 870242835
532415422 532261041
891980089 891115770
330070895 330213426
532261041 532415422
532261041 532415422
272629986 273538265
832548327 832848170
296383219 296377770
288883761 288518230
891980089 891115770
844112715 839295457
156409890 156307129
267645495 269983154
648501958 652636155
389609519 389049738
419699049 419723642
330213426 330070895
832548327 832848170
452729585 452727782
235922610 234524537
202172369 201745830
783152070 785147363
248831583 248517530
585962806 585436089
592574185 591353906
785147363 783152070
363010515 363460306
336870385 337076454
190148365 190642998
387491533 387570930
419723642 419699049
260769630 259819091
532415422 532261041
541665883 542024210
358990465 358814274
523509090 523120763
122482705 122444322
629428371 631412215
395083995 394673006
477099534 477670165
282857237 283081470
330213426 330070895
708212967 707939126
220757614 221325585
832548327 832848170
541665883 542024210
204536010 204534187
832548327 832848170
154635026 154621335
217422282 217545385
783152070 785147363
783152070 785147363
165639045 165473546
317897710 317382681
458211182 458855313
294059370 293965777
220757614 221325585
195478734 195904345
272629986 273538265
146435926 146703315
145724205 145501538
592574185 591353906
136917762 136871735
149516445 149597602
211104166 211183005
283081470 282857237
130032903 130058330
832548327 832848170
315093207 314367910
247329005 247212762
648501958 652636155
612514058 611558255
199666105 199777578
870891866 870242835
832548327 832848170
130032903 130058330
363010515 363460306
785147363 783152070
165639045 165473546
502586651 502657870
870891866 870242835
891980089 891115770
190148365 190642998
870891866 870242835
354840694 354601005
502586651 502657870
480243335 481274318
309128118 309157835
149516445 149597602
168822543 168298130
358990465 358814274
136871735 136917762
174133355 174418062
891980089 891115770
317382681 317897710
832548327 832848170
473989971 474172094
891980089 891115770
938621255 938384958
799277206 799476205
235922610 234524537
248517530 248831583
160133935 160119498
165639045 165473546
870891866 870242835
293965777 294059370
163499115 163513658
891115770 891980089
783152070 785147363
619015991 619373118
168298130 168822543
724619445 725389847
832848170 832548327
591353906 592574185
648501958 652636155
395083995 394673006
136917762 136871735
832548327 832848170
938621255 938384958
591353906 592574185
185860983 185940170
273538265 272629986
785147363 783152070
228058523 227183190
358990465 358814274
400489961 400853310
241610745 241293206
598998315 597869162
282857237 283081470
248831583 248517530
384181995 383834374
260769630 259819091
154635026 154621335
161623553 161697030
383834374 384181995
938621255 938384958
938621255 938384958
248517530 248831583
494909389 495103290
235922610 234524537
191176194 190892065
309128118 309157835
629428371 631412215
480243335 481274318
154635026 154621335
181668630 181383139
417205135 417716754
309128118 309157835
221325585 220757614
114388729 114371070