441
546
476
342
424
545
303
318
581
663
99
441
344
344
287
287
498
81
445
616
202
230
205
428
577
556
230
571
111
86
167
333
681
378
455
74
418
655
516
242
91
655
558
456
12
266
283
554
558
426
278
261
438
494
655
47
95
385
644
470
200
378
446
558
27
91
581
491
408
428
226
461
317
121
598
384
469
680
234
460
642
499
478
636
647
25
159
225
445
342
507
450
604
377
175
556
275
374
129
330
86
79
323
199
43
59
428
41
272
61
204
609
188
561
25
581
489
635
441
334
545
80
417
247
497
46
272
694
611
537
220
545
298
455
94
258
481
260
87
441
104
638
129
297
300
592
370
572
665
163
613
624
146
342
544
170
547
359
3
265
534
619
361
578
550
613
54
140
333
180
78
560
591
541
496
35
342
333
101
510
514
69
416
6
270
44
248
12
239
385
111
179
213
54
194
598
61
193
656
271
121
556
556
636
486
344
42
342
149
565
202
318
451
55
215
137
287
19
553
673
493
530
13
234
271
622
61
127
42
464
443
174
683
359
187
299
47
365
556
337
258
69
615
354
72
9
429
461
573
191
622
307
42
398
426
642
61
349
457
62
78
298
422
644
56
98
541
168
413
189
451
433
350
234
657
65
259
216
239
534
81
505
346
477
318
131
61
494
9
58
44
344
699
469
541
605
585
537
424
393
616
128
703
275
560
70
668
612
580
538
558
51
56
204
559
604
83
370
681
683
611
70
488
335
692
432
70
644
43
691
644
682
406
322
167
151
636
481
627
209
242
642
260
3
571
99
461
547
455
48
590
281
303
276
453
265
271
313
61
519
701
446
393
493
390
636
287
462
22
497
19
572
526
302
448
403
476
65
311
432
636
350
697
272
642
391
276
174
113
196
385
553
295
70
194
370
590
189
523
401
9
354
85
486
499
340
529
562
566
173
582
311
558
682
554
308
553
330
194
548
265
440
285
287
227
61
286
361
667
364
261
46
553
62
23
515
178
173
120
287
202
640
141
637
622
687
699
287
95
700
111
393
502
230
272
85
370
424
229
56
397
644
307
0
540
239
519
458
605
691
188
694
317
162
141
473
699
570
102
562
20
506
661
302
291
590
58
541
242
295
31
637
365
661
459
176
242
354
548
15
300
381
342
237
655
559
19
293
287
417
51
237
342
589
346
611
200
2
188
424
644
643
478
507
250
202
85
322
455
20
292
63
547
78
668
319
265
693
401
111
467
95
590
3
22
202
222
645
81
92
517
688
275
72
200
344
104
111
437
703
602
176
474
519
313
27
558
455
155
35
350
424
94
6
222
104
222
130
270
620
562
175
58
14
78
67
596
527
85
381
276
703
426
199
499
54
49
551
476
617
469
115
461
214
35
111
70
540
65
636
300
660
636
282
323
299
22
406
417
466
193
292
476
104
107
143
589
478
567
456
5
537
275
160
141
364
490
461
342
204
622
556
469
276
374
266
581
503
91
242
494
579
303
549
469
571
657
692
553
167
558
461
527
370
312
298
177
127
478
658
305
354
70
190
132
653
47
507
19
634
630
624
44
181
239
461
244
40
612
5
272
