8061577 103577147
57874335 54784486
104579259 788434027
57130889 2367383
305332679 287735266
245107767 152228249
71527429 156578933
26717510 30730397
11330615 245009789
22446358 12453803
274646681 324551209
202812971 230309
453364597 145151399
524710487 392643933
129809479 95145982
89144171 48463897
470475502 402462121
12040682 10525213
24287482 62761259
198674402 199967367
27851951 20786907
96110495 122543678
11886774 159112661
473172617 16753259
452130747 411581654
3613397 8114113
193683758 172573031
225657555 305814053
4004149 774241
199645727 487713541
85038023 84655393
2969 6743
218855839 651002109
541537577 81479819
44241510 570948569
47926103 81413969
257488291 647635551
182678365 131064531
48135907 5100139
362458030 237416057
519712223 766660243
14337334 469022321
7585169 4281929
45004269 63418810
1394357 1555190
325407923 842626
4831959 247596023
333020645 795660951
5096141 3764721
554120834 615474269
795992693 829660313
16270590 60830747
26365899 9001283
964321537 222036238
771440541 502899955
381519587 51206939
137233559 84809077
4803923 7753193
293239934 496929319
332357965 183464639
67607913 73199857
190926266 243969897
41534830 26196693
749245483 820553485
3316261 38273803
13594726 20482253
526983931 588645309
1440337 1105553
105500194 55592501
270189266 211592753
303324277 128269669
31386903 240138973
626120533 643773671
191705326 178587095
547905481 68472606
133681011 197034323
88967779 5453261
23869371 23029931
410943633 641369899
816286361 851291966
456618661 312135315
782506813 920999729
136414331 316333561
1245901 218811
76917017 158749509
16829743 13261683
77404213 114758083
43466858 41301037
355733503 296579987
27114367 933535793
50227402 431026543
10390187 7274958
22194985 20718382
13882570 715097171
338182139 414754822
461131309 554830923
133066337 2076685
109490485 76225222
679496686 503150847
85480585 65968097
54454189 135664789
883113041 238751
3065249 2669741
249510905 266394419
3541651 37459213
50453437 51201991
11359487 21548606
548392803 421702345
265814881 186292703
84358063 161327393
862469059 739065847
77228447 44051999
18743182 27175937
161279233 76075798
7726501 15844065
544099497 413287573
43745898 54444311
8701585 12407327
75752342 70561733
142747546 327398663
23357283 33207806
74077663 49426954
4111441 16269517
151735263 80763751
5376839 797689
132959929 247418495
21657355 103806587
317145517 104275009
67876229 11406689
345989455 391188149
24277429 8025097
16596106 21227065
2380361 3880105
24085767 25930249
107664079 29921881
214348497 163434394
59359399 112746866
491334369 298108309
901097754 921772493
35705533 1920329
555544426 344557115
620276569 286142258
488385181 2458879
64611451 15283830
44680273 8368078
105089071 95951343
15660141 11454455
379177147 154576626
29906717 24984565
313542007 325238485
76782541 73626006
406553827 899066193
433491077 513119658
204425481 306465178
560154842 536839619
966315313 227146379
151775587 180930745
412177627 231293829
3818433 22976309
177592051 195209242
74502037 62793285
525193134 572096287
70833809 10361253
67799663 60096847
40001587 141985241
21118431 117579677
7750777 2163927
98296861 282818329
44500371 70492909
687490354 496517613
74872167 66097735
485502465 652214599
196196905 858719437
30719231 1566119
97209543 176878463
46742599 385930229
128245962 114057491
7194395 3773531
669107627 786443386
292358578 454483213
336571813 354461298
80155441 19686610
28030485 29362423
38403317 26560690
32231843 13154222
175171 386385
786386113 624636586
106106907 103296418
390500006 430927459
76308773 63497595
8883417 187767179
68114110 202597873
108376274 171734035
174163723 48785341
92023889 46390115
2704170 22980301
35882569 52581565
48989179 43903366
53134937 48933310
458006621 6226009
153464019 171643634
637772586 964166009
897981569 979959349
72092827 74736159
23853155 91720439
593391433 756784883
287854310 329759873
133497985 72369758
1892614 78747751
207726398 212029251
99461359 134077101
45492077 68669049
158505321 139557935
319925078 361322705
39783511 6093149
277025897 419732273
472457929 10698746
198714899 593636847
460488927 255863993
148794959 7372918
860625903 834918979
54756223 4387198
665442143 190220017
263438015 197338922
199106699 359892706
404128363 61139765
346913339 473129893
11453687 13357606
332495483 430370641
316217087 445287371
7929754 8528285
432855186 487138393
373257809 24146233
43382 52079213
741553853 757185231
96532441 34770659
33691067 32717805
6424863 45739021
2446105 5161169
224216997 180308846
1690117 1080406
4679898 974658829
279242251 323821105
131882071 428166509
28011081 9673913
111142835 34854457
46865366 43292441
68196691 52355215
75214686 72164909
61144217 95363578
754326570 442671247
3104938 4100439
5363602 5720735
144478761 64479803
42951390 711676687
47947143 44593598
271024030 208100669
7544162 8358445
116523401 97313590
7011462 296366927
225641351 209024421
4933177 13337965
250093443 231041743
97421989 49101974
192823539 203652863
6531211 903154
6080091 5231393
12639559 7545754
111149387 315903705
400693 202854
141138186 98346571
36185329 12228485
548114379 470266010
85145279 82106723
164254631 393509793
18658471 15630301
102596657 212252629
194135162 154895241
64705579 262266
586007013 218739191
179659367 2021278
64686499 73579837
77310013 108680513
380431963 19235186
761086162 808943165
351876409 452322913
305064697 380264583
98295719 32829955
40001901 33940243
1821803 1369622
8747993 30424207
2465498 2261767
404729655 402617146
7428066 11208539
12303533 2729801
427545817 489324955
114892003 43212053
549139614 356971633
316743290 223423949
183623511 192273385
557786181 580188394
4031449 63875521
973807546 992047505
1725203 1446869
227147051 12914803
594223493 94493951
62796481 79981379
954593543 676440307
869885915 749940718
125510086 669903931
50208733 56443774
813286631 111080346
191702389 228198638
7127395 5257598
61463179 63985207
137079229 212226401
134023751 190386298
213887545 100589099
362731871 703824909
230787673 69882793
846841 34293377
523164646 938385349
53963906 146684923
30521671 29452397
149111935 322043263
468186089 462385317
839889671 960354389
209896003 77075042
790021259 2110534
189266154 185450165
242555161 84188109
157437166 480535751
500473598 440558609
106901755 143156809
132729811 113673889
123155481 58029553
583042457 173400818
80588218 185294605
934488403 721437961
290749055 726825747
985945011 597729883
53276947 51855465
75545926 72090359
3921695 3880607
329192387 8094
3190385 2997037
445498653 183636017
655795955 540182977
57044783 20283162
34415479 37774043
81932255 388319171
254290055 309371613
461969243 205040914
16949042 16963887
340504105 194606782
550360299 473047154
506501095 547559294
11783887 257475781
15036209 83244461
248182635 175248874
30815089 15277242
19057826 23545569
93804919 449959067
361000497 348355058
3763537 4331249
18490759 22184833
57703961 506076479
12102882 94830871
294937643 284994519
49769470 431334401
366240029 194585117
169801591 3230295
66002290 422033629
31951573 1077569
40625933 11749165
181680805 182733062
27600882 255569329
331999109 118122454
373630813 219101351
84310699 74838505
15213259 10529890
104811785 288507599
52839062 109276381
113216561 25025414
577998427 667
46439659 36230611
78267595 63821438
208739381 201667353
391250577 362717558
450622 36691373
469481241 641647615
451481923 471698394
6432266 16357447
263247035 376352033
353722390 367590763
506322805 679958529
30059822 34255801
619586098 358092559
327988155 377170754
30511181 420858337
53304845 125009299
8634413 81896681
1682670 1443037
473787953 263558477
995451735 739981793
813856061 272341141
19636049 11121151
688852214 810287405
601364027 511892515
23908198 40829923
408194149 104757013
102875685 97824674
382503279 298869299
13774866 11682137
991640987 270632663
37915401 44233169
25693485 41937151
68755369 27218249
124522258 788374679
4280631 9721207
196233603 460061081
802453 3938309
552850822 562665899
260351453 257364773
836796853 80809494
14403299 19125878
940463 511194613
111523 13190
196250545 118383366
499471041 741360659
669638279 366332309
117247063 29887302
90864551 49253954
758008893 303239771
67542211 105858777
21711322 15624859
461590818 603993337
50665915 37814929
80010578 86174873
668618423 407831723
60985205 40956438
30110163 18041435
82568131 1264262
321316609 340236037
346868995 238999731
557117339 641592762
91677014 63073601
129960295 30509911
10009178 48884051
10965281 157524583
2530661 5283653
120958862 145795147
376243687 327747758
918428101 188902426
11574717 11990959
630840529 505144194
712052999 393383861
302533249 134422922
137466307 205462462
385453559 804399839
274773799 8561137
394288178 605831009
587273493 232561333
370371259 313760413
55499551 64615658
925768973 841546581
248016731 421083415
70667542 70891229
893918229 874198018
534491227 491759229
751305538 589474947
796560638 777205477
173047054 95081043
62061133 528453019
132163567 114229919
29319281 492819421
304256931 285703943
193418207 933893635
399483191 381169558
889771714 835906673
128789187 141307693
708265622 911929071
400221226 265636505
186099735 448763407
36009042 46009589
76114487 61837783
535335866 477659639
56325086 60210127
486820759 392987629
450773879 169174182
258447386 239057195
788996983 696913018
226559271 343569335
367537399 138093089
247204823 41764858
128141663 10870747
130855287 277946677
21957002 16338497
86837249 144365766
215004109 116734993
