146232
2600
52123
150683
60477
13772
58109
119702
142454
197244
9119
64814
10352
28258
48875
163019
4086
155431
78517
9559
172470
198273
304352
1116
18998
231421
3541
26828
29523
5262
24420
150542
1655
66922
4215
23547
18535
47417
39726
78659
17230
37660
148125
10343
5394
191306
130739
72063
192011
18874
105500
41666
8630
20385
216546
75170
37850
12827
152070
69313
88475
76643
295125
87476
26376
296311
141784
7267
58006
43651
26231
4223
219529
25313
54547
80805
58469
53696
43620
82951
307520
68934
231651
111015
7254
55364
46431
15548
46365
116885
4437
194874
39186
8361
73098
11314
51067
52602
40934
1116
144118
2744
55453
2351
36496
8240
254908
29937
161102
113628
178608
22747
194518
16981
7121
98306
23140
49764
219437
57717
189176
1711
64172
45589
13234
8361
16952
35265
11588
54297
99736
151927
9124
44810
7950
1666
81001
126815
322976
37665
174214
39985
47606
38867
288083
31787
32756
67820
55144
29012
249166
29222
93032
14121
61356
218761
5137
10434
35972
182599
65454
17263
1831
139604
32869
14572
195319
48886
27108
3808
97793
14834
16477
192140
17150
11333
40271
95571
85237
81093
96162
155773
201528
31464
110508
142705
13338
9958
128197
92009
219672
104026
6896
7363
84718
34972
24255
32044
146801
1883
501
14174
12015
73037
111569
102165
10620
14611
9854
16270
87335
166811
115905
78013
6133
77172
26743
40483
122766
103864
20547
16165
331587
2195
31604
76730
114241
24450
82101
6274
32357
20921
88956
1890
22647
22251
148315
47983
5701
253733
134664
1457
228462
49110
79030
704
177130
210167
56211
49987
79320
209975
25033
231960
20710
24880
74657
5519
10751
184101
13031
7337
75324
154233
17555
22638
54153
94557
78488
71462
25639
163933
51073
28036
51154
64507
133522
97749
214915
142315
9723
49411
348586
69477
52750
80440
167490
11172
9422
58447
67778
39140
73810
77893
227070
34314
77064
81851
70997
321591
79344
213205
47674
142991
39465
60504
119367
42147
185210
63795
53157
994
1880
278138
135287
112989
57619
54763
117071
9147
238409
89462
10472
57926
66223
37246
104017
165809
139363
229464
131720
165783
59429
214505
122628
245828
5350
87269
64931
109535
12184
19691
51270
13384
11467
4037
17973
179308
168446
37274
45345
76070
24401
71744
9602
3194
183537
52157
159814
16173
1630
69641
69097
3198
308193
33699
2962
2024
41075
5618
7585
42978
5296
114035
245337
189372
11379
26548
3093
65135
5688
1831
10835
11684
168286
43998
12108
174474
117500
6714
1856
49213
51578
8610
97260
91601
105964
157198
218552
12621
5368
17563
107008
22600
170288
1670
188091
64378
35757
23139
13850
15595
4674
48704
39672
68655
132401
15857
44838
101712
281728
66987
210710
25781
93355
173874
185342
233411
104930
10344
27204
96545
102501
45351
205219
62185
3632
101062
63263
3112
46662
33812
65730
83725
307554
23665
4312
159065
33426
26052
897
74782
25558
90900
52316
163739
83922
42105
112672
113475
40157
26766
47388
11568
11062
1375
21486
9519
239627
42254
40265
69296
26823
31324
47300
11836
139334
20670
88067
19100
67495
353731
3979
137239
106749
228991
150640
77027
4279
3953
12583
20506
361530
13360
129617
7234
66820
12560
1068
32227
156833
153732
181985
131184
82381
304352
11086
43364
87839
29797
46909
17705
7494
50333
60944
145940
52038
6048
25319
2274
139852
31856
66967
59452
145203
29873
46083
76066
1916
141561
134540
45978
220996
7996
4790
245155
229824
17619
54724
7819
28911
2239
93650
39175
45849
38709
2734
5408
51887
99889
32903
6709
191005
71927
196844
255445
38852
8824
37999
131069
73037
26947
120758
7925
70163
38061
42780
2799
92898
53933
44050
33443
47227
779
98799
35975
5115
37539
9182
167847
23787
153451
66299
11145
46080
21335
3845
37449
3496
103895
93910
219366
17957
224170
111034
109194
5096
102683
58636
78419
4855
167805
254216
62712
29094
4138
35437
11265
110966
5796
4578
76637
65075
30384
46531
183706
49240
38193
56126
134700
122707
171437
62018
181043
30459
145726
61727
93954
54811
3929
10899
165646
6630
