Target: volt 
test01: TLE
test02: TLE
test03: TLE
test04: TLE
test05: TLE
test06: TLE
test07: TLE
test08: TLE
test09: TLE
test10: TLE
test11: TLE
test12: TLE
test13: TLE
test14: TLE
test15: TLE
test16: TLE
test17: TLE
test18: TLE
test19: TLE
test20: TLE
test21: TLE
test22: TLE
test23: TLE
test24: TLE
test25: 0.380744s
Accept
test26: TLE
test27: TLE
test28: TLE
test29: TLE
test30: TLE
test31: TLE
test32: TLE
test33: TLE
test34: TLE
test35: TLE
test36: TLE
test37: TLE
test38: 0.690474s
Accept
test39: TLE
test40: TLE
test41: TLE
test42: TLE
test43: TLE
test44: TLE
test45: TLE
test46: TLE
test47: TLE
test48: TLE
test49: TLE
test50: TLE
AC: 2/50
03/01/2021 14:47:04