Target: gpath 
test01: 0.356821s
Accept
test02: 0.300240s
Accept
test03: 0.309993s
Accept
test04: 0.312307s
Accept
test05: 0.295097s
Accept
test06: 0.308044s
Accept
test07: 0.322282s
Accept
test08: 0.297973s
Accept
test09: 0.309989s
Accept
test10: 0.309955s
Accept
test11: 0.431816s
Accept
test12: 0.313355s
Accept
test13: 0.328956s
Accept
test14: 0.305560s
Accept
test15: 0.322240s
Accept
test16: 0.310435s
Accept
test17: 0.297008s
Accept
test18: 0.314302s
Accept
test19: 0.315584s
Accept
test20: 0.294367s
Accept
test21: 0.312655s
Accept
test22: 0.293336s
Accept
test23: 0.316619s
Accept
test24: 0.324320s
Accept
test25: 0.304285s
Accept
test26: TLE
test27: TLE
test28: TLE
test29: TLE
test30: TLE
test31: TLE
test32: TLE
test33: TLE
test34: TLE
test35: TLE
test36: TLE
test37: TLE
test38: TLE
test39: TLE
test40: TLE
test41: TLE
test42: TLE
test43: TLE
test44: TLE
test45: TLE
test46: TLE
test47: TLE
test48: TLE
test49: TLE
test50: TLE
AC: 25/50
03/01/2021 15:13:39