249375343 148098003
191293941 158977819
477088351 43459431
21286259 19615362
20467334 106911719
222938 341257
612783085 616810893
52758867 131545559
107377406 90432733
77944615 97228774
52483277 283467311
518792453 33126267
1339618 164256943
50621239 356275753
43647947 31130077
86501459 86516022
504009637 602213887
6286 97056283
67740582 118914589
257908711 15427922
28825369 5778413
226148609 375520765
95523342 91374043
207436037 153151567
456088407 206508683
61161715 71483942
20113439 81067289
560210863 711546419
399361843 132561097
259683086 265748811
19286698 41954531
229376503 299509481
491031537 565229686
580217061 455373701
33972585 49191803
155409473 198322491
112354379 122659145
5513907 4784062
147941598 255450911
133588106 177921129
547231398 420195889
38266170 42856567
229275853 749906095
415771058 876891911
72129305 78592037
65161761 57401767
427955762 418646685
192897007 154386977
83006377 86077847
33352043 235670857
739013174 485487033
476786489 434511327
32180719 67745251
6617461 82370
17855255 9425497
19878919 8861978
115520669 62521097
73882937 22018510
26586031 77818629
464308174 436414435
30409415 228413357
35385553 45780914
118114190 343820641
363886069 363634495
120284597 48170642
97357441 98686587
134802829 146950198
306054946 313744263
452808443 337371623
39423701 1050699
146154955 115009006
180974109 103790717
390559187 504955749
422801669 184077362
786318613 138937499
3074365 2912923
195447890 228385361
176731653 813019127
55272435 67033018
56565637 76664519
300951022 238872517
83305914 58590919
395142758 409113541
64374797 133646915
650968361 5700427
13029 194009929
69024583 110544067
179316901 42831827
360565453 187106006
270212377 300359302
390187141 72710423
13073983 11855913
190794477 203938223
193676165 175827793
136288585 386219881
27864707 23727142
20471066 18348609
773145401 156510169
177542083 809388563
13105581 8822555
59253409 116428755
4587294 127332943
135084061 113138654
3882295 2569879
321968595 328380646
103815286 139361011
359951519 25555449
7547827 7044006
489938647 343224829
320198315 307443049
204560579 255221598
862026 872119
534500994 603491171
897657049 40111039
38288954 35243207
17526909 507403157
421155866 462878411
601512245 357840853
26329278 422487209
55726427 1380315
476421197 337512477
37874701 36338779
310605635 314606182
414674886 354733727
69393329 26948335
72692147 44850557
248996453 218892126
79213663 17027191
735180097 104822834
5325002 33339623
849243230 630063773
19848821 18394970
819950257 786895651
123836127 143007679
730704094 950595131
144869767 32334619
26600453 31171841
144878611 106827689
176992021 157225638
8241061 2580574
49338111 198027079
442208127 494069611
695903651 199316974
1940614 223449613
876824587 490859902
385111117 389587011
38448851 47748961
86353705 226819469
7969282 7428441
698776486 680506935
6720766 12473639
25787039 23011579
50181751 67400283
144111757 436532521
82539883 1055389
254475403 110508747
681450517 198456154
6474291 37373569
41210090 254069723
186206806 251518215
772952923 203826659
832426145 686219106
18793882 124237849
19359298 71122423
1504994 400779143
27340421 32497329
48466739 20681831
37418401 67759639
799726823 841524617
40572479 37019479
136394005 347855789
379993 95529
307898131 2176387
302247209 411357581
124664333 2322599
452451373 179184674
875158153 567794711
67587679 39140002
183101466 157205035
541624226 696950795
1127615 36353287
78652051 49364278
893475263 661760363
850056578 673718429
7408429 42717197
467187907 310999273
257771729 33827217
120121 105484991
58454803 383251199
73450353 32217355
129661771 252086423
618893354 562343631
214458233 205352482
104737955 91786354
557144659 491597831
8201021 11144441
71384681 29487382
170273251 159290095
15458106 19637069
21219395 55456217
752235053 147529615
659378 12242401
1384271 1169771
461543699 17806430
14848653 37765447
922900351 453080937
53064121 19725242
56434658 61693239
169910441 238647815
557095731 211624513
629860963 792973757
6823142 5765613
22016843 49281199
9031789 7828087
582126005 582782357
211869163 271533685
258547697 70222695
278376994 278622571
15449306 182222801
41349153 37059998
14373367 611290793
386167765 962303619
47486965 67527403
197806921 302869859
50141697 57684938
418948331 238123201
658150133 265880015
649193201 662751483
477331369 392687977
51158939 271852531
4513649 5078841
114895919 43962541
80003273 67208189
888198 1262843
19844941 940159567
589963699 841287858
288714455 617734961
975625837 771804383
26056723 19525658
187551287 174991155
543649893 580514494
686793515 766974838
177477905 111302193
818365979 150297794
9182794 480743843
6956742 496417547
7260306 61428149
16263407 250620563
96632821 78241370
13245034 8582455
732080606 871480615
734660437 266963509
597819407 141475097
139163357 224590258
45388765 106197941
479346401 67297207
425425314 430862327
716934473 712984722
270425743 329163757
108971479 111823871
1309081 397907
162828721 235130919
6917519 13901197
309192805 481004302
6780263 4833013
693507569 809681178
16426699 19153205
145862561 74921023
202894235 42263567
47684534 59277587
2989466 3797165
18441894 284685119
212427503 23621478
417212421 199457861
866632331 398882894
6245813 3038306
1604238 35807243
14597683 19738318
60396738 64081735
471064481 80398886
71063931 99597865
3711927 15229121
669330829 325209162
259724339 206170606
213539415 453890407
186258819 147629834
84320979 125317166
4115413 1543814
7880987 2638689
205999993 169613493
44940458 46034715
90229931 151950589
8576861 21453995
22051993 1223854
114854189 3327
184748321 49363211
234238085 365195661
18667634 86496541
453832139 8779254
2120997 1788382
605180521 605916302
422591993 592074930
7983726 10696837
342992203 419477466
146717562 410311669
122461223 61742359
19826638 21468621
42350779 27498434
369453851 791559959
43595745 59797913
22603267 10974031
465193961 694964926
4011855 119254943
571792094 539470781
312723077 32612682
32939391 980250781
162089021 58931119
806462 338842871
129046 10949737
59073526 146796527
159147427 15079973
9126573 41275901
5534877 12044467
748858069 747215221
259628898 151757467
26705885 427045469
6015281 5298886
14949461 1509451
30137542 30424305
5299751 6291655
125975866 440688101
705829769 84713243
68424785 70429079
60426049 11649597
379931329 278128138
64282591 134432569
114206205 83636549
115010647 401149655
67863869 88518805
813695747 423601977
13508517 170758673
3752677 4381762
932006879 488554462
36085433 697563571
106801405 37447543
56232913 165951987
732002857 666174823
41366797 221554219
17017 7967
322023574 266390589
18733318 280403677
70692902 77302093
204642645 253552339
773822289 408262453
301130713 635588277
202812766 257285099
87700678 232180879
887142721 148341779
16488047 101207813
5466386 251917451
34568218 34515427
160743455 144431313
4611 162780703
241319310 182276171
80123731 1937486
15002830 39256153
51371043 61628681
84488905 255222151
943195543 868072937
580339717 122326094
29879971 20226794
582343877 723777070
40060222 42289051
462547954 602633963
1536371 324827263
340295291 184870667
121986893 60640631
409570171 125780738
15066182 14955837
189472967 348024131
989621587 551959570
29319127 16798290
733314107 542371906
834305729 28719059
576389041 417129403
260196509 120299397
350228521 356815101
480508645 990565991
102243549 365420183
42714118 35668523
4719502 3820849
70264191 48237434
73517149 842315113
11189981 6522091
354336906 378326269
176538505 114037067
869499197 938766733
240986351 60900118
185620289 258427905
339061555 856667173
16938598 13416209
974464417 938636602
346591811 380240033
188568537 270853030
971452263 872026549
82072307 55658431
33273862 111449081
231699658 342544019
330532463 2051373
313502743 51293661
153831997 95796413
21780721 90735991
148537238 233045861
838448966 764928431
2787581 1883521
57346127 220539905
351262749 884689853
6297439 172697347
105600623 175874237
397029113 347249405
8418031 245074861
300546557 3808085
163334047 184829471
29950195 481573447
127821430 141798383
72881678 81210181
6431746 241409251
13730651 124711061
178085273 344339378
50324885 116760221
43461553 727774067
582130 37414963
222572058 231899905
271875799 287465558
448789759 497094474
815059723 31225771
48023593 104894437
162787091 148736810
578550459 870926053
2717510 33885589
375469694 473505429
35686709 2847322
25655083 68827143
76994287 85874201
140876166 313031749
320748013 139570801
14264015 679044227
2020173 7418783
3 852240509
82375301 89284819
338348329 490072018
127769719 80861813
25674529 7731739
869460509 671729074
292301729 69755710
669786973 248169473
949259603 3243269
313170815 647272119
3871819 5522974
167488159 98586397
3000863 6513371
324648491 177369454
661740286 380100063
453779 453653
93678845 142186546
420559 690567
223433309 265765534
364823938 619463083
71623102 99741431
892138143 699058774
25053726 100515733
9970879 19681566
29335637 13638554
67217585 58048071
343322718 446024959
3670853 175501
13846343 13446865
296586042 416379185
145373914 418475923
488328033 542920865
629175909 615450161
382135745 347718434
144287573 55421445
14909285 35865769
8801185 13043458
644982722 576358301
19988859 13898557
483775639 872194195
332553395 370234077
719483422 692642317
82465954 60016367
9843673 8509714
24919339 71507557
22204241 267067637
1184231 2227738
1076594 18272071
221622293 338463885
216985107 230887373
361736385 380241191
11009047 45938281
