169926353 47427943
337794 485699
65659186 48438133
264810841 284995599
114439979 96142845
47708257 2067083
574524554 579690215
205838743 198858514
126950693 315105565
128934473 140812458
48519827 18560486
208784597 191824723
34031359 143304517
355521913 69369974
252268337 53511617
716958201 904531301
118337523 200898073
53391377 14786873
210191165 229118019
932617902 472203173
5443665 4390871
233207459 280160057
347907299 798186387
216956599 239231033
8797082 9509691
80088793 9420855
266928626 286481863
258462597 287442634
549878531 55002814
23865731 18416735
186169693 62544287
494827877 177484037
137042322 81687161
778376357 85369957
676809498 345014867
792602158 888235337
75653663 111268781
316577179 455750258
325037890 414305521
187176219 145234835
432750803 36877695
521251 143758
3065019 282689423
28657 130
394157279 39039046
279264171 271399538
93246523 78648086
82279867 66609678
103143157 101869331
444519659 249592409
248055477 143838671
79450365 78223741
29405270 151124899
127282963 23945703
173696257 302762874
63203410 635957507
334399693 292535610
58268819 48210074
623827074 963238477
154306189 151324927
88369159 417406819
111932341 170696226
776354 478731
90912907 3067879
464409215 617596403
24747623 4622447
239105302 738821941
105753619 15599641
639038 17480467
24542097 51075769
11658237 49479923
8701779 325028659
27514195 9232523
237262013 184685542
47173123 47117473
4656043 94060657
723242986 558067757
264629207 32905567
263129785 306710566
147402266 195103047
848149409 284569161
7534543 31001351
7451897 11115323
32118203 36090565
136772041 475034971
110333201 76817038
11235527 4089146
75324491 74096141
349400509 509019242
1162655 18217289
976771163 121567061
173066999 166663445
100847170 94338219
32086059 35956502
28643855 37664229
46732229 30662283
27416887 22519505
63416013 76627985
599352739 304907147
34259187 29402945
27092231 34322183
76326983 124594651
10967761 18335353
446312638 506220661
907214 806933
5920949 717
1304169 696209
389186249 279743282
205811977 242095713
192239233 171384989
3433781 36168107
499332621 483524365
366709271 96530398
41545757 40735771
67711190 40924697
228635407 35810297
767091053 371105869
982844602 681268957
610272409 45316241
329571413 20193106
34464305 47447662
436885747 127053607
205959805 206430994
42417179 10869319
354172153 231863194
24769578 26527721
23031399 10140451
103194555 160627987
801606449 116712593
26791559 17839034
55957242 66785401
86189 497071
109354123 23250461
9464611 40610681
2352107 74689
411340623 375110395
49092193 84069957
16712437 16018971
147835 3874513
10467899 12748297
7527217 95176619
66979313 47883587
35001493 12810759
35220155 32120683
135957567 153349579
4334018 3591383
335897558 397956257
46281790 40280991
261437801 418570269
104418731 481425751
122258597 33532769
619650731 786055798
19429714 273243353
30701078 16870333
300870346 182318663
32411822 54529127
13320521 581828971
380969187 701624462
66467487 40862581
97233661 91579926
11360919 17803609
262553 199282
10414897 5529551
583928729 594981634
181097627 28357106
275687515 231906082
245093827 334116357
128564455 28115371
47491171 137461119
320536109 227100649
8296193 4057818
1871729 760289
187002185 348611602
584105471 755265062
64779205 68346411
44678514 30828911
646162219 480651397
11883174 104224919
195144899 389270935
614534443 954643678
186670283 181316590
262877105 385955782
5635846 7347479
296568031 64003051
193662481 554219789
833700653 750787435
424773169 377464955
192004159 348171881
832491910 510603157
74152361 77741977
17266353 22328938
609263066 549970141
94277135 110023721
297279679 281031526
307550053 294377973
102055339 54819209
322089171 414481999
229290694 241153071
119167603 169921747
1759090 952163411
135936609 115486793
445015743 314175346
744964477 60969630
118157461 668825231
620514659 980034537
40322015 31707697
656467531 786916891
892056274 542351951
24529695 47592421
192878759 79877041
58595871 733824673
952186417 306955183
890286481 833770597
870332669 470847629
513052309 507402705
987101441 44504401
158078785 49212893
108223163 22572645
174684419 229805903
354846370 299636587
552812063 148079694
399756883 238368058
20428453 144549193
38204431 320126531
63737165 68597922
552241182 509822095
6615986 14423167
524960173 474654763
18762959 1222561
161780194 688973681
401448639 819292423
545316617 797949294
530936042 571800063
235024239 217917001
456988017 583410898
109742717 38653681
189070081 104222122
184956937 239761078
10117703 2995166
514186 2154853
47790991 73828747
104342509 260273245
753452997 410865437
106410637 235291097
662899327 557515122
629603 356281
294459719 3880774
216044642 383914967
803298713 287892581
2496215 2550674
18539455 37982829
161478263 101329819
118232083 14434085
161540027 265421813
4623951 390238427
205482589 105474846
215153769 240258290
786672938 946359677
154143599 46003915
45768197 25155715
26651895 48348838
49362709 128488589
910441 1525289
50989049 50022053
180985951 248986309
59566342 74857729
46365378 46323419
41771590 124563821
119753229 438434917
667069607 487697269
446373359 877214521
3357806 49622401
793730906 819958381
26011902 106607771
34925541 55314935
201268721 103204327
229810445 161454162
83205227 73710570
1274999 3189413
726163927 23008079
628049165 666298937
356196367 166719182
654373213 911862582
33539423 53141558
28487561 11164714
14031713 140485007
13924479 10894414
289114885 119065954
464444605 835718494
119833237 88118670
29560381 14428806
395676518 499500313
23696363 24201793
292396514 223852395
350263 48005
686665769 41220885
220505286 255924389
11043517 15704389
56594887 117406801
350314589 67351303
473823109 209988943
82824773 142677749
132750105 94642066
3365143 4214546
72601454 70542535
395063231 495561638
21360278 18086097
9392279 412661033
62485603 34549131
561533557 95851771
681014134 713726871
261725885 190890838
139840457 229143517
172131835 140572709
64105505 118502367
7569749 7073537
855188693 607730199
197947495 93249427
50767827 19237021
122901517 157498014
12292946 71047439
127897747 144610846
190540941 283381082
740156506 791815051
253797511 127125154
625900637 662571349
100605649 94706
380749366 206707155
280993474 156786523
144296114 95726715
481366651 497067853
30124330 227834303
2527919 71397929
2979589 1897259
128179195 687670279
61012913 68575622
16223501 21609087
25624086 25921115
33351083 6259783
29160161 37509379
2600053 5130146
60153535 60887274
64822237 30493114
58091330 50151857
771758947 740480818
319053745 76796633
23833417 20214965
370785134 393625103
13200719 13477918
128667821 132681818
350951478 394411465
20631109 32427323
12860437 26274289
123611721 72394999
74296231 32427986
327018842 947129059
304212493 428007718
271977295 331880066
369365959 17364994
477978730 241432903
163588639 202522045
35412026 36863743
710332387 200147989
22133858 72882869
230382281 210700855
147251149 718242565
174152991 364899197
22250001 196446973
62896677 64052107
44885661 115707401
105083169 48234271
201570170 199383951
14320761 7401983
221581398 213412589
10630609 4156917
409653205 356071499
26800006 26084071
649578155 468097242
780274826 662541015
141324303 297102029
145269502 226030879
213914122 270671259
350549985 270104599
63438063 26459371
21435541 1885078
891337639 155029799
13767398 647835131
424294391 12242630
453191763 435061031
65198587 271940081
15307219 4659081
582849277 222030479
15465369 22742095
148936217 112505830
108114667 20264663
184189379 111704018
267049487 409073938
538809277 421358255
176104083 647196211
4472823 11149823
303296970 396516173
157186807 104426441
403539319 372954323
144866210 177006941
4876561 4040778
16096619 17185165
1279751 2755001
305721887 354516785
67293446 54587821
57935485 67269349
20806066 47619535
55669543 56607805
301586929 397657933
308188607 207813874
137231990 115546477
190890098 104060783
402069319 281028155
188033349 192397678
35354598 50780873
49988411 38831266
630139042 700838609
366928766 655886047
209109135 224020174
536040093 717363671
331591522 378991117
650075578 687676931
178865098 213689765
165418707 87893699
21719330 680713667
308616377 300338610
40968871 105203263
643823599 322487286
34222163 73998807
3468153 6366818
689170726 735819253
500049481 184827953
950768183 241635295
337388381 163382419
150824114 162120597
717639173 212810603
157298665 273235106
80429479 48586013
337888217 484380823
6083103 3551971
308159555 292240599
29057161 35750374
981626793 505719233
213570142 182308409
9110305 7038483
129294818 214943527
36177537 23017895
52004053 231028745
688955221 343552207
226236039 352861355
14668745 61844719
153644695 936132083
1875037 4392673
200355631 700928405
18382679 26053530
67130543 31561949
21273337 541608901
32692273 102747821
362965517 65072571
11935457 3016039
278602663 249071429
6175067 124663967
268672067 299485571
20053699 24809113
218133149 154435143
519732479 673458666
141386887 132020630
32751001 24763541
360011738 394920413
54732093 46693991
45559901 581179003
2270941 15934621
67216307 133679462
113921 169595
18732461 20125434
36072769 1165430
21383313 654716609
242496367 231803378
212681543 357493191
507583 156821
400459921 129905601
30406946 64866389
456112949 878700247
578087931 585698998
212686807 303264483
481753537 129607243
353216411 129583373
350374421 368848263
2821561 22134431
3283814 643582133
47771363 51790042
12979717 17163595
111930882 144711185
1943567 224166941
249079846 232938015
1556479 971614
