128737141 129089730
329150870 328936179
140954645 140720118
288883761 288518230
130032903 130058330
799277206 799476205
389609519 389049738
449767487 450048390
387491533 387570930
783152070 785147363
309128118 309157835
269983154 267645495
143083941 143156830
707939126 708212967
146435926 146703315
724619445 725389847
163513658 163499115
832548327 832848170
449767487 450048390
383834374 384181995
248831583 248517530
389609519 389049738
417205135 417716754
541665883 542024210
662937303 664307215
494909389 495103290
473989971 474172094
241293206 241610745
870242835 870891866
267645495 269983154
220757614 221325585
383834374 384181995
598998315 597869162
336870385 337076454
523120763 523509090
532415422 532261041
328936179 329150870
891980089 891115770
541665883 542024210
394673006 395083995
474172094 473989971
190148365 190642998
844112715 839295457
419699049 419723642
384181995 383834374
619015991 619373118
832848170 832548327
832548327 832848170
870891866 870242835
844112715 839295457
260769630 259819091
336870385 337076454
458855313 458211182
161623553 161697030
202172369 201745830
248517530 248831583
154635026 154621335
687242255 687249134
523509090 523120763
201745830 202172369
161623553 161697030
502586651 502657870
154635026 154621335
648501958 652636155
319474778 319776015
870891866 870242835
870891866 870242835
938621255 938384958
363010515 363460306
358990465 358814274
309128118 309157835
449767487 450048390
296383219 296377770
314367910 315093207
783152070 785147363
317897710 317382681
585962806 585436089
328936179 329150870
477099534 477670165
243129590 243267297
652636155 648501958
964847631 965042338
309157835 309128118
161623553 161697030
870891866 870242835
195478734 195904345
687242255 687249134
769115802 770404343
473989971 474172094
397544847 399883198
383834374 384181995
785147363 783152070
282857237 283081470
328936179 329150870
417205135 417716754
202172369 201745830
514892191 514578610
473989971 474172094
598998315 597869162
477670165 477099534
216348990 216115291
477099534 477670165
267645495 269983154
190642998 190148365
870242835 870891866
130032903 130058330
165473546 165639045
211183005 211104166
248517530 248831583
243129590 243267297
174133355 174418062
785147363 783152070
288883761 288518230
473989971 474172094
354840694 354601005
363010515 363460306
161697030 161623553
288883761 288518230
235922610 234524537
383834374 384181995
523509090 523120763
832548327 832848170
870891866 870242835
220757614 221325585
119593474 119569755
891115770 891980089
400853310 400489961
336870385 337076454
136173570 135746303
592574185 591353906
532261041 532415422
494909389 495103290
190137090 190231097
195478734 195904345
241293206 241610745
449767487 450048390
938621255 938384958
783152070 785147363
216115291 216348990
449767487 450048390
288883761 288518230
783152070 785147363
832548327 832848170
294059370 293965777
480243335 481274318
532415422 532261041
163499115 163513658
154635026 154621335
195478734 195904345
296377770 296383219
419723642 419699049
267645495 269983154
891115770 891980089
832848170 832548327
419699049 419723642
598998315 597869162
832548327 832848170
399883198 397544847
119593474 119569755
755981135 756288214
243129590 243267297
891980089 891115770
215488702 215126205
532261041 532415422
211183005 211104166
243267297 243129590
145724205 145501538
354601005 354840694
136917762 136871735
288883761 288518230
417205135 417716754
317897710 317382681
273538265 272629986
358990465 358814274
891980089 891115770
181668630 181383139
358990465 358814274
417205135 417716754
458211182 458855313
832548327 832848170
354601005 354840694
523509090 523120763
383834374 384181995
832548327 832848170
273538265 272629986
724619445 725389847
241293206 241610745
783152070 785147363
251437830 250698643
785147363 783152070
213690435 213893966
282857237 283081470
724619445 725389847
272629986 273538265
336870385 337076454
213893966 213690435
785147363 783152070
220757614 221325585
648501958 652636155
154621335 154635026
228058523 227183190
317382681 317897710
272629986 273538265
785147363 783152070
494909389 495103290
234524537 235922610
156409890 156307129
832548327 832848170
832548327 832848170
263022011 261950910
891115770 891980089
589480593 588133315
248831583 248517530
215126205 215488702
130058330 130032903
598998315 597869162
235922610 234524537
664307215 662937303
619373118 619015991
891980089 891115770
228058523 227183190
216115291 216348990
190642998 190148365
319474778 319776015
317897710 317382681
832848170 832548327
213690435 213893966
938621255 938384958
458211182 458855313
612514058 611558255
662937303 664307215
135746303 136173570
783152070 785147363
770404343 769115802
589480593 588133315
870242835 870891866
185860983 185940170
135746303 136173570
243267297 243129590
358990465 358814274
309128118 309157835
870242835 870891866
146703315 146435926
185940170 185860983
449767487 450048390
272629986 273538265
154635026 154621335
174133355 174418062
662937303 664307215
783152070 785147363