Comparing files G:\GITANH\CONTESTGIUN\TASKS\volt.cpp and G:\GITANH\CONTESTGIUN\TEMP\VOLT.CPP
***** G:\GITANH\CONTESTGIUN\TASKS\volt.cpp
    rtd.push_back(0);
    freopen("giun.inp","r",stdin);
    freopen("g.out","w",stdout);
    cin >> n >> a >> b >> I;
***** G:\GITANH\CONTESTGIUN\TEMP\VOLT.CPP
    rtd.push_back(0);
    freopen("volt.inp","r",stdin);
    freopen("volt.out","w",stdout);
    cin >> n >> a >> b >> I;
*****

***** G:\GITANH\CONTESTGIUN\TASKS\volt.cpp
    }
    for (int i = 1 ; i < (ll) rtd.size() ; i++) cerr << rtd[i] << " ";
    double rt = 0;
***** G:\GITANH\CONTESTGIUN\TEMP\VOLT.CPP
    }
    double rt = 0;
*****

***** G:\GITANH\CONTESTGIUN\TASKS\volt.cpp
    for (int i = a ; i < b ; i++) rt += rtd[i];
    cout << (ll)(I*rt);
}
***** G:\GITANH\CONTESTGIUN\TEMP\VOLT.CPP
    for (int i = a ; i < b ; i++) rt += rtd[i];
    cout << (int)(I*rt);
}
*****

