31/12/2020 23:07:58 ---> Running
31/12/2020 23:07:58 ---> Get location root folder: C:\Users\tienp\Desktop\Quang\Hoc
31/12/2020 23:09:56 ---> Init Success
31/12/2020 23:09:56 ---> Trying connect server
31/12/2020 23:11:14 ---> Connected to server
31/12/2020 23:11:14 ---> Waiting for server
31/12/2020 23:13:20 ---> Received Problem and Start Contest
31/12/2020 23:14:20 ---> Send tasks to server
31/12/2020 23:16:06 ---> Received result
31/12/2020 23:16:46 ---> Send tasks to server
31/12/2020 23:18:48 ---> Received result
31/12/2020 23:18:58 ---> Send tasks to server
31/12/2020 23:20:16 ---> Received result
31/12/2020 23:20:36 ---> Send tasks to server
31/12/2020 23:24:49 ---> Received result
31/12/2020 23:24:59 ---> Server Nice
31/12/2020 23:24:59 ---> End Contest and Off Server
31/12/2020 23:31:17 ---> Running
31/12/2020 23:31:17 ---> Get location root folder: C:\Users\tienp\Desktop\Quang\Hoc
31/12/2020 23:31:33 ---> Init Success
31/12/2020 23:31:33 ---> Trying connect server
31/12/2020 23:33:06 ---> Connected to server
31/12/2020 23:33:06 ---> Waiting for server
