7 1
23 6
5 2
41 46
41 5
39 29
19 1
3 13
47 29
13 31
7 6
5 6
47 37
5 1
17 6
7 3
42 47
1 1
5 2
19 2
5 19
41 19
7 1
14 37
26 15
15 22
11 2
13 2
2 13
7 6
17 1
2 23
5 41
15 7
37 10
17 21
6 5
47 3
29 47
17 10
19 29
15 14
19 14
19 11
33 13
13 2
5 1
13 6
11 29
7 1
7 2
29 6
23 2
43 21
3 2
13 2
31 1
31 43
2 1
21 22
2 47
7 6
1 37
5 6
1 1
13 15
2 1
37 14
7 13
15 31
19 1
11 5
17 2
5 13
41 34
23 1
3 1
5 2
7 2
14 29
3 1
19 1
13 33
11 47
3 1
31 7
37 31
23 7
5 1
6 23
7 1
11 2
17 39
22 29
3 5
23 15
2 5
7 10
7 3
19 14
