7709082 5150273
74787733 333488413
203055441 209539246
375322133 18995803
305133347 77939362
76139131 28252049
389543093 225062367
39026445 20658349
606771983 707620695
380517505 841430131
134841713 37823
409864115 291586238
841748919 877361519
55632655 66145822
106361917 54559114
201680177 346094071
6297015 31443343
4173383 98420269
82831370 56011269
135684726 162166891
28295087 20923454
246924266 492394123
78006143 332713247
401539679 66624195
1808479 1642279
148080089 468040979
10814090 84554263
51019255 93461029
58556053 1183790
831654741 562921691
163478027 335371789
3376957 3981442
143340023 124088142
15683970 16123531
333084613 360197166
841051 353409
138800406 748419401
64163281 61737895
562826329 57505579
4815751 8377853
111665429 97027
137165477 139895635
232099242 325631573
131882798 94536519
71956259 41669770
44810229 73601105
5651786 81573587
406977415 238601614
225771313 35015086
48416707 36185395
26964635 41801063
71709935 52179478
43995781 26279953
242793994 243965415
404320817 223484255
123854219 60962818
170483109 187558655
667409 1256983
91359517 86547053
10209371 73847891
4867003 49034033
55365 738671
389593986 371668879
29979530 31649567
865218345 675917582
129039118 77792405
804928285 672911153
349338211 408505962
124600074 218067679
430658 2504573
3060347 5437235
2223967 2402042
858379214 940646237
390344287 799303229
72825622 153174469
780312094 844118535
261148742 895941151
362516494 438252339
485568403 349349945
103915471 125927083
85606366 135142997
640497719 472089337
24219802 67184171
100839637 96646435
147735989 34175521
301090306 217391565
58076470 301506973
53281402 266476543
25373285 26323827
56549526 37728197
6527353 11451882
425720201 230843546
200659183 6511647
23836071 25390954
67314646 58329617
279104151 99277051
776374431 482044337
22614266 29023519
12350210 43456489
118488239 30093709
397896663 324057683
406676427 214616389
210495547 61109511
14657297 110457091
200883794 222298615
139508599 9585583
24340379 24462042
518433199 675611498
425346262 247308577
523469739 400982161
217889941 12692766
41200622 37085357
19789151 147782
30159789 41505085
132051827 442778015
863856053 647880099
21487179 22958455
9394122 34604831
239012686 173832951
318593869 116042446
137351437 121799807
202406451 96345079
46326287 550238047
67941683 135209195
52268131 6475049
53018018 49053251
542341903 961114369
683130831 691111609
466898617 59544454
124145477 138478103
739919 454951
63045483 48236161
28304551 21984141
81803207 532933687
905635549 141487123
65119035 117049073
108585011 341815121
784494482 824967547
187773659 185332569
68577729 79502015
312555907 511586309
61808423 58965935
224898 18541571
489396449 511256694
584162783 480645034
307572119 291794055
138069089 191762827
47016242 38828409
87370945 88354697
140074943 155326537
53430618 54489199
53611079 83742679
121896038 126982113
256183487 297905527
124156579 253785647
318864842 231940093
45061003 49196019
739246859 605219419
912753986 527942981
146833327 216146915
162485659 184777959
4356305 5798723
427587607 678479
961988446 652975289
834629 19229489
21357691 19240949
41753543 92262579
1707094 232965329
630482447 629786469
33895933 100210579
444849421 109955374
117856117 119021622
807666697 773528811
173374867 225023849
557994643 95541914
4807402 52395367
107646411 248938981
164503378 137890847
338493353 53503837
4799921 3709031
19682030 39655183
487422294 452548385
3015039 4110671
3366866 1965931
444582499 404414167
20416247 1275870
152120035 34366571
850796713 698724901
44438273 26760434
15182549 11624945
75460759 235987091
414308887 419565887
36647857 49908165
5761529 4130242
235801658 125726583
523668099 215950091
505511751 763643143
292159145 266625582
16213409 25070243
563444671 155395455
52394155 42954949
106890767 45042
264740765 148255103
11086145 23489057
319571231 170425973
416286294 687494467
54983693 32363921
135053042 163612451
7338985 4369733
93633879 312580823
476281 622218
34421117 70622627
35818031 35100526
513445497 208025593
318378107 329515365
21716773 24527261
272455397 106661598
775515435 706100807
51089971 24345782
10532510 8670061
98965703 40606383
3136571 17718043
28676938 27046823
438907639 68150890
276230593 34890
603338807 617128759
124501197 172126390
36376787 294237529
189095522 179889355
140331953 161598687
451393346 302132767
40275674 167728721
73803017 7501773
936850001 22380355
249761461 119040659
35972227 32554655
294299701 335646123
263471789 541362805
213991565 90231929
84269971 71133733
474398609 681114306
274878867 229777679
299579935 291420623
296024447 368248177
680283623 796172431
225947257 94525059
10222867 6315502
479129141 57099157
741320623 897048969
9480486 155987239
68560130 101634667
102438997 3514197
55829509 3618946
27972499 27294095
12478490 12728103
731603290 871530801
2923702 13591817
60680138 67744769
97799201 31280761
155607419 155621154
17147839 1691293
642135998 799854933
90101173 96546715
422674131 453666841
5584886 7218233
40399741 94780205
348727993 4974098
397480690 272666449
225089371 310585657
85707938 569361901
320787278 675713089
184101277 728364167
857410061 10545122
15898063 8798071
16331903 214513199
65144847 72660707
16019549 37888633
44780522 91733555
26876301 80764459
55200139 47026015
476888701 112408141
408933278 301778627
639415598 643740193
28901093 25084518
169940279 55251166
489842193 232958891
570359495 512646446
291808795 320713789
454144333 646193687
229903399 261541535
143656943 30239653
777196499 209058762
323842 11349229
102035737 101792847
85846 52573021
22201831 107189443
207092570 178583897
18677209 20566110
86998831 124329197
562143701 535882378
103512131 90069207
885701273 307167446
382755391 81213819
510366255 587509823
54747917 58910241
227876653 199823365
90016315 117595621
991511251 236456993
8372523 58421927
529158983 355037586
326015203 265282161
32772835 25961299
468348397 629257751
53691782 138797027
64890155 161126947
362477649 375979939
175194254 218563723
75965015 76057053
141007943 118663194
603565531 33595118
435123147 460735411
114535349 377548885
343062109 373985387
376112521 346529631
280083011 132526902
844436767 73616839
107071451 13118253
578258193 938342081
68217657 57047459
317484434 550357205
174667949 99141487
240114511 214508694
312207991 390122457
609904601 813924417
531141806 470654597
13174553 143122391
125726 236556599
25836189 20487694
126699737 875443
56227730 63612239
58300822 68523251
91516085 93618813
3336079 3899063
52624423 44386286
322267229 210980863
890680738 557305949
991198141 523272337
405806659 24582265
64449021 89284589
187714079 121559079
19045911 16429634
654046127 377327179
153283237 209747981
114079822 151887387
766939657 752526862
8348631 478280549
293012701 369813766
6827671 369615
5958953 6929927
47200943 95234951
4869822 20050141
81584009 143153014
20985682 98387309
47770883 77548886
488889041 159501035
109931951 412500169
151934231 384537021
587482347 724588778
430303893 203772823
732746783 595844482
88486483 19404491
248103371 77733191
11805007 8833097
77501263 144315245
713987017 175853879
23697641 117609293
49135697 34172455
82572411 46176611
6485135 10167411
69118849 201451237
6384559 24376555
41792539 2386034
592346191 986295381
349567603 497051186
884633127 914358586
4171285 589574189
176263251 225768758
472208203 7765895
5571354 5285689
229472687 33616506
526267649 490689679
772166237 43
306129221 220718690
313994621 256174034
85744327 60214303
3547471 181265261
49331235 32087317
89454533 82980246
20664321 34510754
2841926 1978763
92615579 130019955
11945279 11145534
50087530 51753117
601842038 515472565
95925974 127969887
38433907 600892519
13115353 17319957
366465371 61093534
65229127 111079063
97236473 128153341
152367981 109479137
27325121 212257721
525766222 496134209
6770803 9635638
296416405 275367522
8320409 6693869
227691473 34539299
147132163 37011981
70452415 221611613
275137089 502905533
455663787 253428815
10713241 17332439
56758729 250009117
131843959 71694147
8189966 34528469
66536143 74928135
613349809 598795945
15718522 17506571
623533549 181818610
76416486 73293283
79691322 108771793
21588799 855602
11410934 8835599
115785979 116822219
265578313 456052273
84634730 66101491
88987489 198569581
282599107 310978869
36597918 41445157
20856098 300055499
11845909 714131969
6049723 2113511
88271978 92158665
41635621 75719326
308716521 219220813
58832183 7521079
264300407 329747354
622519009 332772362
298189379 290520174
7043437 2921482
481148674 795821549
9841557 28079353
7362705 140752943
165598631 176127586
56010569 74506499
11190683 8176863
641203697 578309065
196725343 99570043
23340999 8256233
136771258 274150421
33894687 22714439
550457969 194972883
917906237 588096413
79609537 53800907
86574343 56940614
32089067 385661
554217467 622165362
148129865 222240146
421962293 153550435
81082067 167213841
192416226 197291483
196752973 192780041
31200046 130457009
904454053 974204583
546672270 409810279
23164055 24016002
18240254 34924717
207683087 143037194
21103205 19615777
17946763 7761639
588465327 793466449
880432671 584301037
301152335 246321446
28556786 41825251
171047 8603977
397011541 12986594
332786782 319747435
568288651 308655121
24399343 22468193
244023653 6763657
297181563 298186507
75351098 493639019
412592827 115169955
278140594 336487233
77848199 92930874
68768227 110232687
105044419 92147469
829425761 281698210
55957817 42041182
193475531 1295182
