317897710 317382681
384181995 383834374
363010515 363460306
870242835 870891866
243267297 243129590
215126205 215488702
400853310 400489961
173110938 174149785
204534187 204536010
156307129 156409890
216115291 216348990
257606765 256607274
372312759 372475202
215488702 215126205
282857237 283081470
532415422 532261041
783152070 785147363
135746303 136173570
585962806 585436089
870242835 870891866
358990465 358814274
247329005 247212762
891115770 891980089
217545385 217422282
284257391 284483010
211183005 211104166
870891866 870242835
458855313 458211182
687249134 687242255
383834374 384181995
136917762 136871735
215488702 215126205
330213426 330070895
259819091 260769630
394673006 395083995
832548327 832848170
914567258 913677415
174149785 173110938
481274318 480243335
217545385 217422282
149597602 149516445
309128118 309157835
870891866 870242835
181668630 181383139
149597602 149516445
523120763 523509090
769115802 770404343
195478734 195904345
211183005 211104166
458211182 458855313
480243335 481274318
247329005 247212762
473989971 474172094
272629986 273538265
938384958 938621255
317382681 317897710
769115802 770404343
558624187 555602398
329150870 328936179
389609519 389049738
260769630 259819091
870242835 870891866
317897710 317382681
221325585 220757614
185940170 185860983
228058523 227183190
202172369 201745830
288883761 288518230
383834374 384181995
330070895 330213426
394673006 395083995
272629986 273538265
317897710 317382681
477099534 477670165
136173570 135746303
165639045 165473546
146435926 146703315
648501958 652636155
146435926 146703315
783152070 785147363
399883198 397544847
174133355 174418062
260769630 259819091
236444874 236414815
259819091 260769630
870242835 870891866
783152070 785147363
122482705 122444322
785147363 783152070
502586651 502657870
598998315 597869162
216115291 216348990
185940170 185860983
354840694 354601005
154635026 154621335
257606765 256607274
494909389 495103290
263022011 261950910
383834374 384181995
330070895 330213426
283081470 282857237
174133355 174418062
114388729 114371070
870891866 870242835
185860983 185940170
785147363 783152070
400489961 400853310
783152070 785147363
938384958 938621255
140954645 140720118
389609519 389049738
128737141 129089730
163513658 163499115
870242835 870891866
417205135 417716754
204536010 204534187
389609519 389049738
844112715 839295457
394673006 395083995
161623553 161697030
284483010 284257391
832548327 832848170
235922610 234524537
243129590 243267297
449767487 450048390
724619445 725389847
477099534 477670165
707939126 708212967
891980089 891115770
615537615 615630457
785147363 783152070
215126205 215488702
598998315 597869162
477670165 477099534
449767487 450048390
296377770 296383219
938621255 938384958
458211182 458855313
213690435 213893966
389609519 389049738
136173570 135746303
247212762 247329005
215488702 215126205
783152070 785147363
611558255 612514058
358990465 358814274
294059370 293965777
750221731 748954635
126979255 126991326
619015991 619373118
247329005 247212762
541665883 542024210
168822543 168298130
236444874 236414815
284483010 284257391
891980089 891115770
387491533 387570930
228058523 227183190
294059370 293965777
143156830 143083941
387491533 387570930
494909389 495103290
354601005 354840694
257606765 256607274
235922610 234524537
128737141 129089730
598998315 597869162
181668630 181383139
652636155 648501958
832548327 832848170
143083941 143156830
263022011 261950910
409329298 408287143
243129590 243267297
309128118 309157835
163513658 163499115
450048390 449767487
282857237 283081470
372475202 372312759
783152070 785147363
168822543 168298130
202172369 201745830
126979255 126991326
394673006 395083995
350889357 350475026
257606765 256607274
870242835 870891866
611558255 612514058
269983154 267645495
363010515 363460306
363010515 363460306
687242255 687249134
783152070 785147363
267645495 269983154
288883761 288518230
251437830 250698643
160133935 160119498
631412215 629428371
261950910 263022011
474172094 473989971
143083941 143156830
400489961 400853310
154621335 154635026
293965777 294059370
336870385 337076454
317382681 317897710
832848170 832548327
870242835 870891866
216115291 216348990
145501538 145724205
336870385 337076454
783152070 785147363
282857237 283081470
870891866 870242835
662937303 664307215
870891866 870242835
230849715 231048202
783152070 785147363
662937303 664307215
309128118 309157835
832548327 832848170
646504441 646259635
257606765 256607274
330213426 330070895
687242255 687249134
251437830 250698643
358990465 358814274
202172369 201745830
477099534 477670165
783152070 785147363
185860983 185940170
156409890 156307129
231048202 230849715
126979255 126991326
215126205 215488702
783152070 785147363
891980089 891115770
938621255 938384958
328936179 329150870
783152070 785147363
870242835 870891866
126979255 126991326
211183005 211104166
592574185 591353906
542024210 541665883
832548327 832848170
259819091 260769630
191176194 190892065
383834374 384181995
612514058 611558255