d
i
p
p
p
j
e
k
l
e
b
b
i
b
o
k
s
w
z
m
d
h
d
z
b
f
a
s
a
t
l
x
s
e
a
r
n
d
j
d
l
b
h
z
f
l
a
t
k
r
i
h
d
i
o
d
v
z
o
c
q
h
a
w
m
v
g
u
v
e
j
i
r
f
d
v
f
x
x
k
k
d
u
k
k
r
w
m
z
s
a
g
e
l
e
e
b
u
o
r
k
m
n
m
j
o
o
n
x
f
z
o
v
u
h
n
o
v
t
s
m
z
o
w
k
w
x
m
z
r
g
t
h
y
o
p
o
l
o
k
a
v
i
t
b
j
n
o
e
u
r
g
o
i
s
d
n
v
n
y
m
x
c
j
r
c
p
s
e
y
y
z
s
f
e
a
s
l
z
r
r
c
h
r
b
h
i
r
s
q
d
u
q
z
q
k
a
j
y
g
p
b
l
p
f
d
t
w
z
r
p
u
f
q
d
c
f
c
m
p
o
v
e
j
i
w
f
b
g
q
e
q
b
d
p
j
o
f
k
p
t
t
n
p
x
m
p
e
h
o
k
j
e
c
c
t
i
h
u
p
v
d
s
f
v
q
j
w
h
p
m
x
k
v
p
e
p
f
v
h
q
g
e
x
i
i
q
f
k
y
p
e
t
s
j
l
q
r
j
v
p
y
m
k
y
i
t
t
e
j
h
x
v
s
o
m
d
c
j
u
p
e
g
j
l
v
g
q
z
h
p
y
y
s
o
v
y
w
b
j
t
a
v
r
t
r
f
z
z
b
e
c
n
r
w
s
d
h
v
k
h
v
e
k
w
c
x
k
h
q
b
l
b
z
k
s
r
b
n
o
d
k
v
g
z
c
q
r
h
y
p
o
g
c
x
k
e
z
b
e
x
d
y
x
e
t
m
d
y
t
c
y
l
l
r
s
w
v
p
j
y
p
c
f
q
y
l
h
h
h
n
j
e
f
j
t
c
f
n
i
n
q
t
e
t
s
a
o
a
u
z
t
m
u
e
x
m
w
v
n
u
t
r
k
u
l
p
w
d
l
o
p
s
i
p
s
l
s
p
s
r
n
n
q
l
a
i
z
v
d
z
g
c
k
w
a
n
v
f
x
p
z
n
s
c
k
r
c
v
t
d
k
a
z
t
g
b
j
l
z
g
d
f
m
j
l
r
a
r
w
p
b
n
t
f
i
e
e
e
h
t
m
q
k
k
x
i
m
m
z
k
y
o
u
m
f
k
l
v
t
q
z
g
j
g
x
c
w
r
b
z
f
r
u
a
i
k
t
f
r
n
y
s
b
y
i
s
m
q
l
j
j
g
e
i
w
j
g
f
n
n
j
w
n
h
s
x
w
m
b
y
t
r
m
c
z
d
b
s
j
c
d
d
u
k
m
i
s
n
g
b
r
g
i
g
n
a
u
m
g
e
z
q
i
v
v
u
u
f
e
p
i
a
p
u
q
q
h
o
i
n
l
c
u
g
y
p
o
o
w
e
s
l
n
h
s
i
h
m
a
e
f
f
g
e
e
p
n
j
q
a
j
x
f
c
u
h
m
m
l
h
j
n
g
k
u
g
x
s
s
d
b
v
k
v
f
i
q
s
m
a
r
n
l
x
d
z
v
h
c
z
x
z
a
y
j
d
b
f
p
l
n
e
t
p
k
f
a
q
y
k
q
e
z
m
m
b
z
s
i
w
o
e
y
n
w
b
o
o
l
m
u
l
a
s
y
z
b
i
v
h
o
m
t
i
z
j
g
l
a
n
k
w
c
e
y
l
n
n
f
p
f
a
h
l
r
e
b
u
j
s
l
n
c
a
b
a
p
k
a
d
p
u
e
h
t
m
d
f
r
b
r
r
y
a
y
r
b
x
q
j
e
z
u
h
e
q
f
r
k
g
i
d
c
q
t
j
z
a
b
u
o
i
c
d
u
t
n
o
f
b
w
b
h
l
k
q
o
a
z
y
a
x
c
m
e
w
v
o
x
a
r
r
k
l
e
s
f
n
m
t
f
k
j
f
j
b
t
t
a
a
u
f
s
v
e
y
b
c
z
l
n
o
t
q
u
p
h
e
v
l
l
d
m
j
r
m
e
b
f
a
o
k
q
u
q
q
n
m
s
s
v
n
a
m
k
i
x
a
p
b
x
h
m
g
a
d
n
o
z
m
h
l
p
e
b
b
h
c
m
o
r
u
d
k
w
e
i
d
q
v
x
j
f
y
f
o
v
k
p
