7 1
5 7
11 41
2 1
3 31
3 1
3 1
37 1
13 5
15 29
33 47
29 1
11 1
11 7
43 1
6 5
23 37
19 2
17 37
13 5
2 1
5 1
2 1
7 3
47 1
21 47
7 6
29 33
30 17
3 1
47 1
22 21
10 7
41 35
1 1
3 7
47 1
5 3
19 10
21 11
17 13
23 3
37 22
29 26
7 2
43 33
11 15
3 23
11 19
22 15
19 35
3 1
6 11
3 5
11 1
29 22
11 2
47 35
2 1
2 1
43 19
46 39
19 6
37 47
3 2
5 6
33 35
10 7
19 22
6 13
3 11
11 2
29 3
2 1
37 3
41 43
5 7
15 23
37 19
13 3
6 17
41 11
7 3
2 1
26 35
26 21
7 5
19 2
2 31
47 41
19 1
1 1
15 14
3 17
2 1
23 22
47 6
5 1
7 1
3 1
