128445055 528512029
27594643 247259683
118636142 456580993
388608951 530525395
2209274 27819499
354137435 306142998
1643399 2239766
133706906 189915137
187047699 67246405
321276299 155086014
8405551 5441962
274983973 367286134
194071403 872835
89045617 69374435
292317710 303837657
193415074 113932677
54268635 57679741
9609931 10310685
395847926 382041301
262318627 414061330
959597129 714091039
390087923 82038566
253654361 187084426
28600090 36369187
182026841 77585745
11181979 3866989
198322103 128176126
643171055 347873654
639703433 768607718
44293917 77747939
592559063 451648769
129857 203954
402259579 162334439
52756579 21543019
847694899 665379029
76008255 158113513
886984547 427469897
397605527 456789741
27048233 17004262
43746815 41728214
22302033 23382443
145819709 173107447
188244638 289445719
753500326 994291853
100314095 67190457
243847363 77227919
588958861 234525281
8554051 4118141
54607789 82154345
5696123 1376130
701245039 909352861
216512259 280253443
323739137 298167938
324240421 190665178
68904903 129419897
3516973 677344123
84026195 63896891
886814809 221799847
6180407 3399727
951113503 844436945
5901798 38500559
30835903 56460521
363129458 462081593
275230227 259431733
230186597 102501862
12855803 19438787
212860599 152051701
8040959 8704306
237848547 334550890
940128617 22600171
69139102 268409909
37409793 14227547
648707209 677943686
486813 488429147
579556058 369469145
421785281 501869878
21838795 20718537
130435330 120365821
26554514 26361105
380115017 277842130
177135005 185406134
572641535 368881419
60350537 62500835
648699449 943435886
9304557 29954549
40350297 48481658
46117295 28675799
492376369 821192977
125630687 57995767
7417851 7877155
417517441 256603713
665809 689765
111308602 58374139
220733351 246623117
827888806 471465059
50530534 126025655
661793914 353069763
18215009 22354683
433392415 461680593
361017849 211682249
255233722 297631633
85791207 101303845
19680598 23742889
225381137 449942687
152500109 532283929
56667478 40986817
402216767 31260083
91794401 16858986
840379962 787380965
436704247 322067938
233488069 8674229
14508641 11392555
148395826 189476597
643162501 202374011
52111385 41606654
167875654 633952157
742203177 271406401
939662071 19554905
39517262 227981179
298619665 565845501
249235418 225598495
31225081 121290047
786391 714857
250367182 430064077
153779866 365217571
71865002 56330515
504765139 872407373
181657299 546531977
610448893 425946345
842846741 913142913
652705001 671725362
439433762 458541057
307977007 272806987
844952827 844461734
18830171 8194759
500989323 626477354
751453241 376707334
21878759 9120218
304602851 277134185
166465663 201104693
246438847 54154873
52124258 45741299
35368031 910248767
344697985 103805231
36045149 91649645
163345603 324966629
43673129 79255317
69351221 51899227
47191926 92859203
59759183 75925594
281722018 158464529
59397059 85748458
462376522 729075647
49406093 35805545
190992794 540880111
952700902 553679627
358332733 313381681
155050527 731466469
186958285 155829893
39521021 194821561
18627629 2438261
90264462 118604447
13846198 28781095
63285133 35065373
272978506 327413767
229058498 866663677
64680151 16960739
17033482 28545037
753538738 844515417
21884831 40332255
60840067 96441387
2834642 17614567
46137903 49704202
691034186 786147859
87467917 98759758
23955197 70591179
16117921 41908467
572651953 672641117
216055682 306913297
117984777 132822613
535718119 426796570
64867165 44980527
596826883 228483301
300937121 856582813
105402131 22516379
191704853 18805535
21560105 81419761
5708461 13017469
123862721 234567435
25302847 15003978
134228467 57824003
83271495 35531281
204583809 217236373
4926098 125548607
680151677 707123995
225211777 277000558
151718 64029311
260952882 920544421
100417445 93872649
10961039 18531073
412618607 315846467
199679054 108743621
894292606 985558139
24588247 11377589
412664615 397476373
86676846 149384477
32906755 55019506
19528039 11746921
190939763 355410795
296725991 75774713
61381735 874762613
637596565 258972622
156892193 1237303
48451307 16092885
161502623 143188921
293631 654470177
939580526 506396647
50825703 44543323
69162281 23412058
2565507 2827831
55740738 32846149
823191865 177019301
414996305 224343427
739453721 81019453
54339506 133916245
327610367 330333377
77888154 89795255
864713743 22267379
122167255 190052182
663043915 431606174
6478178 6101497
6094534 10967843
597618863 718721666
429214 761071
2006702 10246937
572055017 683388070
692970935 226397441
10720621 303602
24632395 5168513
652132753 916359673
26903407 62884489
6093046 8466359
18047681 8256903
1261477 1216239
787540591 655358379
848389559 644812793
43966643 24133373
42749230 63453553
86799790 81880643
138432581 142530218
3938817 4747729
579277919 88997911
18580277 704080459
157596798 157996459
169828865 198777889
32572889 97990855
35492027 40734321
11187318 379929911
66358967 202367719
124640715 57368471
11264719 15434077
82318205 83829786
170099247 963362369
291437365 357513527
202838 3712043
54117527 474448519
99521497 324677
10197511 5071627
192514399 319578817
62389483 105239041
70171621 89404734
654086017 340400685
583334798 656008349
146127215 180770822
1783954 10411853
266895987 249847198
114602803 41655251
34217195 68468581
309199785 125388383
2669645 2282793
200690306 161768033
505517 426207
5681445 4076867
9658697 9093945
375123599 174721381
171629053 282233485
26606353 4080598
3383059 5023118
119867711 149202955
22215841 43476565
12119626 172886347
2033967 901933
107670857 101499618
102454810 92507393
144899797 345227035
11956715 61312189
15979361 15224590
57277745 618982523
30153323 93309647
90565007 102716363
117714937 144223521
722227945 783291947
9647079 9274055
27834665 18345003
193860633 200114641
203063981 215517437
537542918 366102689
220788642 260044051
574054490 833179201
91983041 96465171
226318849 22430953
139092774 136700467
7449341 26470
84574067 112124409
7769371 12721686
861043091 155908345
826431203 959781162
164268803 10553233
73013674 430129531
39899217 47184838
109789409 19967042
274560409 306340585
8323163 1289589
3950153 8577881
239382309 405404879
71583415 59998947
4242473 2457633
16985041 6178921
161826447 115774919
77887097 166123717
180496691 250726542
104767034 119163999
94840691 75713449
172280567 50518843
183618061 70982242
236162117 96176047
159023341 821049133
48037769 40497401
207063069 358807421
135060655 60233329
475156186 433432955
56060989 300422617
46264682 25144127
73938463 18247630
41407986 107923579
367616879 382233786
74443251 97372909
51104842 411605093
221729659 255285066
22804358 150686447
63803067 48119929
451221 1078517
806602001 101985797
8222331 6286042
140047253 124387451
161966811 200998949
5007797 14462367
174582629 198234759
500653843 118055451
239680455 207086294
958403797 185525471
267694846 987626197
213765738 115221127
4454821 36714697
641487207 968276197
224533383 306925102
213350147 620945853
25904354 390416771
926436579 785828086
702683943 556273583
34613895 30364523
2145671 3391189
308131 6515387
364182 15690113
23120098 26206455
675163 494102
2910549 2293514
55858807 566791979
8665991 19462093
356772079 117974638
203566241 801719263
65877531 98340049
25110242 163791343
64465871 91779126
64272977 24413069
116916199 95281197
73841905 100098878
1877851 3237843
5735071 2520866
575153582 385729595
780461863 845084710
13646345 10589809
702656957 587310009
2130182 8707439
976272863 215799022
469363891 439168503
296356462 256961155
809099 1052102
156917885 83000153
164708197 102518149
79489585 64587399
156738383 299691905
188298589 99986026
14378519 23105047
387644279 299038601
199508290 173935437
43666481 42593726
339535858 462145103
444615967 499440642
251185235 267064646
82717934 115843033
528320887 481191558
821917891 568515538
82075885 129580401
64785542 140737273
7038022 24978029
987619 7753303
236173727 350418486
27483585 29989034
384378161 354242418
39333306 26724037
38922522 42749869
925784947 469034898
145901111 56739
84828229 12439902
533783333 547371743
228646533 93455371
149385619 86049215
295572481 1005783
389100795 661540538
191442289 12153927
3830921 20884523
48751238 40662443
86493659 91029313
298271235 505620238
120223735 78777301
111594955 32820259
21059470 27189851
15000119 12888971
390376677 429438910
29525321 77050283
33266239 39174
13582443 69418121
666057758 592459789
161208730 111765363
584132331 484585378
33926126 33962291
48179751 67757723
266187549 438578993
71141501 660471671
31993 83970683
67893151 46948910
29060443 149262223
428047230 364958167
382516319 115738494
73293829 98086255
211543 41830
199430665 189045326
863072455 953301191
2162315 26867149
82027238 51162429
373407443 1028869
919526591 897883717
231810861 83056903
245230178 450418717
363358526 259775777
528076163 82724242
231264481 564033215
163408118 149185299
42110 2049241
11836259 19317134
409797733 269109589
2981463 23437979
144652358 201810895
64068937 48042854
21021581 16779331
798287701 242641331
139231038 87600377
50542621 53292454
87310526 175119583
14796889 15002211
83588177 616782577
55162613 29944535
530153142 488647717
273108838 213115641
618421253 437066890
442648247 891750541
261213683 189008405
2620781 309571
33564835 36474199
17818149 13504511
54753077 138907193
173719047 150118165
170593523 278339237
75707227 445527323
50823551 159741829
43209203 15825099
546044354 532285721
618467641 949323801
13329718 12300289
