FCAN3
Test 1: 36ms
AC
Test 2: 44ms
AC
Test 3: 38ms
AC
Test 4: 40ms
AC
Test 5: 44ms
AC
Test 6: 44ms
AC
Test 7: 36ms
AC
Test 8: 48ms
AC
Test 9: 44ms
AC
Test 10: 36ms
AC
Test 11: 36ms
AC
Test 12: 40ms
AC
Test 13: 36ms
AC
Test 14: 44ms
AC
Test 15: 40ms
AC
Test 16: 36ms
AC
Test 17: 44ms
AC
Test 18: 36ms
AC
Test 19: 80ms
AC
Test 20: 60ms
AC
Test 21: 44ms
AC
Test 22: 44ms
AC
Test 23: 44ms
AC
Test 24: 40ms
AC
Test 25: 36ms
AC
Test 26: 44ms
AC
Test 27: 40ms
AC
Test 28: 44ms
AC
Test 29: 44ms
AC
Test 30: 40ms
AC
Test 31: 44ms
AC
Test 32: 44ms
AC
Test 33: 44ms
AC
Test 34: 40ms
AC
Test 35: 40ms
AC
Test 36: 36ms
AC
Test 37: 40ms
AC
Test 38: 40ms
AC
Test 39: 36ms
AC
Test 40: 36ms
AC
Test 41: 40ms
WA
Test 42: 44ms
WA
Test 43: 40ms
WA
Test 44: 44ms
WA
Test 45: 44ms
WA
Test 46: 44ms
WA
Test 47: 60ms
WA
Test 48: 48ms
WA
Test 49: 40ms
WA
Test 50: 44ms
WA
Test 51: 48ms
WA
Test 52: 56ms
WA
Test 53: 60ms
WA
Test 54: 52ms
AC
Test 55: 48ms
WA
Test 56: 52ms
AC
Test 57: 48ms
WA
Test 58: 52ms
WA
Test 59: 52ms
WA
Test 60: 40ms
WA
Test 61: 36ms
WA
Test 62: 36ms
WA
Test 63: 44ms
WA
Test 64: 40ms
WA
Test 65: 44ms
WA
Test 66: 36ms
AC
Test 67: 40ms
WA
Test 68: 44ms
WA
Test 69: 48ms
WA
Test 70: 36ms
WA
Test 71: 43ms
WA
Test 72: 44ms
WA
Test 73: 44ms
WA
Test 74: 64ms
WA
Test 75: 44ms
WA
Test 76: 44ms
AC
Test 77: 40ms
WA
Test 78: 44ms
AC
Test 79: 32ms
WA
Test 80: 44ms
WA
Test 81: 40ms
WA
Test 82: 48ms
WA
Test 83: 44ms
WA
Test 84: 44ms
WA
Test 85: 40ms
WA
Test 86: 36ms
WA
Test 87: 44ms
WA
Test 88: 44ms
WA
Test 89: 44ms
WA
Test 90: 40ms
WA
Test 91: 44ms
WA
Test 92: 44ms
WA
Test 93: 36ms
WA
Test 94: 44ms
WA
Test 95: 44ms
WA
Test 96: 40ms
WA
Test 97: 40ms
WA
Test 98: 44ms
WA
Test 99: 44ms
WA
Test 100: 44ms
WA

AC: 45/100 Tests